#
# A fatal error has been detected by the Java Runtime Environment:
#
#  SIGSEGV (0xb) at pc=0x68e05a74, pid=13093, tid=1760881472
#
# JRE version: Java(TM) SE Runtime Environment (7.0_51-b13) (build 1.7.0_51-b13)
# Java VM: Java HotSpot(TM) Server VM (24.51-b03 mixed mode linux-x86 )
# Problematic frame:
# C  [libxcb-glx.so.0+0x9a74]  xcb_glx_query_server_string_string_length+0x4
#
# Failed to write core dump. Core dumps have been disabled. To enable core dumping, try "ulimit -c unlimited" before starting Java again
#
# If you would like to submit a bug report, please visit:
#   http://bugreport.sun.com/bugreport/crash.jsp
# The crash happened outside the Java Virtual Machine in native code.
# See problematic frame for where to report the bug.
#

---------------  T H R E A D  ---------------

Current thread (0x68a08000):  JavaThread "LWJGL Renderer Thread" [_thread_in_native, id=13118, stack(0x68efe000,0x68f4f000)]

siginfo:si_signo=SIGSEGV: si_errno=0, si_code=1 (SEGV_MAPERR), si_addr=0x0000000c

Registers:
EAX=0x00000000, EBX=0x68e7dff4, ECX=0x00000000, EDX=0x00000000
ESP=0x68f4d98c, EBP=0x00000001, ESI=0x00000000, EDI=0x69b250a0
EIP=0x68e05a74, EFLAGS=0x00210212, CR2=0x0000000c

Top of Stack: (sp=0x68f4d98c)
0x68f4d98c:   68e65921 00000000 00000019 00000000
0x68f4d99c:   00000002 69b39a00 69b250a0 00000001
0x68f4d9ac:   00000019 00000008 b775f6b0 00000200
0x68f4d9bc:   68e7dff4 69b39a00 69b250a0 00000001
0x68f4d9cc:   68e4437c 69b250a0 00000087 00000000
0x68f4d9dc:   00000002 00000001 00000001 68e44530
0x68f4d9ec:   00000015 00000000 00000000 68e440f9
0x68f4d9fc:   68e7dff4 68f4da48 68f4da4c 68f4da68 

Instructions: (pc=0x68e05a74)
0x68e05a54:   04 00 8d 76 00 8d bc 27 00 00 00 00 8b 44 24 04
0x68e05a64:   83 c0 20 c3 90 8d b4 26 00 00 00 00 8b 44 24 04
0x68e05a74:   8b 40 0c c3 90 8d b4 26 00 00 00 00 8b 54 24 08
0x68e05a84:   8b 44 24 04 8b 4a 0c c7 40 04 00 00 00 00 8d 4c 

Register to memory mapping:

EAX=0x00000000 is an unknown value
EBX=0x68e7dff4: <offset 0x53ff4> in /usr/lib/i386-linux-gnu/mesa/libGL.so.1 at 0x68e2a000
ECX=0x00000000 is an unknown value
EDX=0x00000000 is an unknown value
ESP=0x68f4d98c is pointing into the stack for thread: 0x68a08000
EBP=0x00000001 is an unknown value
ESI=0x00000000 is an unknown value
EDI=0x69b250a0 is an unknown value


Stack: [0x68efe000,0x68f4f000],  sp=0x68f4d98c,  free space=318k
Native frames: (J=compiled Java code, j=interpreted, Vv=VM code, C=native code)
C  [libxcb-glx.so.0+0x9a74]  xcb_glx_query_server_string_string_length+0x4

Java frames: (J=compiled Java code, j=interpreted, Vv=VM code)
j  org.lwjgl.opengl.LinuxDisplayPeerInfo.initDefaultPeerInfo(JILjava/nio/ByteBuffer;Lorg/lwjgl/opengl/PixelFormat;)V+0
j  org.lwjgl.opengl.LinuxDisplayPeerInfo.<init>(Lorg/lwjgl/opengl/PixelFormat;)V+29
j  org.lwjgl.opengl.LinuxDisplay.createPeerInfo(Lorg/lwjgl/opengl/PixelFormat;Lorg/lwjgl/opengl/ContextAttribs;)Lorg/lwjgl/opengl/PeerInfo;+6
j  org.lwjgl.opengl.DrawableGL.setPixelFormat(Lorg/lwjgl/opengl/PixelFormatLWJGL;Lorg/lwjgl/opengl/ContextAttribs;)V+17
j  org.lwjgl.opengl.Display.create(Lorg/lwjgl/opengl/PixelFormat;Lorg/lwjgl/opengl/Drawable;Lorg/lwjgl/opengl/ContextAttribs;)V+69
j  org.lwjgl.opengl.Display.create(Lorg/lwjgl/opengl/PixelFormat;)V+12
j  com.jme3.system.lwjgl.LwjglDisplay.createContext(Lcom/jme3/system/AppSettings;)V+375
j  com.jme3.system.lwjgl.LwjglAbstractDisplay.initInThread()Z+25
j  com.jme3.system.lwjgl.LwjglAbstractDisplay.run()V+32
j  java.lang.Thread.run()V+11
v  ~StubRoutines::call_stub

---------------  P R O C E S S  ---------------

Java Threads: ( => current thread )
  0x69b29800 JavaThread "process reaper" daemon [_thread_blocked, id=13120, stack(0x68e83000,0x68e9c000)]
  0xb6606c00 JavaThread "DestroyJavaVM" [_thread_blocked, id=13095, stack(0xb67dd000,0xb682e000)]
=>0x68a08000 JavaThread "LWJGL Renderer Thread" [_thread_in_native, id=13118, stack(0x68efe000,0x68f4f000)]
  0x6998c800 JavaThread "Image Fetcher 0" daemon [_thread_blocked, id=13117, stack(0x68fb7000,0x69008000)]
  0x6ba04400 JavaThread "Timer-0" daemon [_thread_blocked, id=13113, stack(0x6bb4c000,0x6bb9d000)]
  0x6c4f8400 JavaThread "AWT-EventQueue-0" [_thread_blocked, id=13112, stack(0x6bb9d000,0x6bbee000)]
  0x6c4f7800 JavaThread "AWT-Shutdown" [_thread_blocked, id=13111, stack(0x6bbee000,0x6bc3f000)]
  0x6c4f5000 JavaThread "AWT-XAWT" daemon [_thread_in_native, id=13110, stack(0x6bc3f000,0x6bc90000)]
  0x6c4e1800 JavaThread "Java2D Disposer" daemon [_thread_blocked, id=13109, stack(0x6bca1000,0x6bcf2000)]
  0x6c429c00 JavaThread "Service Thread" daemon [_thread_blocked, id=13107, stack(0x6c00b000,0x6c05c000)]
  0x6c427c00 JavaThread "C2 CompilerThread1" daemon [_thread_blocked, id=13106, stack(0x6c05c000,0x6c0dd000)]
  0x6c425c00 JavaThread "C2 CompilerThread0" daemon [_thread_blocked, id=13105, stack(0x6c0dd000,0x6c15e000)]
  0x6c424400 JavaThread "Signal Dispatcher" daemon [_thread_blocked, id=13104, stack(0x6c15e000,0x6c1af000)]
  0x6c414800 JavaThread "Finalizer" daemon [_thread_blocked, id=13103, stack(0x6c3af000,0x6c400000)]
  0x6c412000 JavaThread "Reference Handler" daemon [_thread_blocked, id=13102, stack(0x6ef2e000,0x6ef7f000)]

Other Threads:
  0x6c410800 VMThread [stack: 0x6c537000,0x6c5b8000] [id=13101]
  0x6c42bc00 WatcherThread [stack: 0x6bf8a000,0x6c00b000] [id=13108]

VM state:not at safepoint (normal execution)

VM Mutex/Monitor currently owned by a thread: None

Heap
 PSYoungGen      total 19456K, used 12364K [0x9df80000, 0x9f500000, 0xb3500000)
  eden space 16896K, 73% used [0x9df80000,0x9eb93338,0x9f000000)
  from space 2560K, 0% used [0x9f280000,0x9f280000,0x9f500000)
  to   space 2560K, 0% used [0x9f000000,0x9f000000,0x9f280000)
 ParOldGen       total 43520K, used 0K [0x73500000, 0x75f80000, 0x9df80000)
  object space 43520K, 0% used [0x73500000,0x73500000,0x75f80000)
 PSPermGen       total 16384K, used 10736K [0x6f500000, 0x70500000, 0x73500000)
  object space 16384K, 65% used [0x6f500000,0x6ff7c3d8,0x70500000)

Card table byte_map: [0x6f2df000,0x6f500000] byte_map_base: 0x6ef64800

Polling page: 0xb773b000

Code Cache  [0xb35c3000, 0xb3803000, 0xb65c3000)
 total_blobs=312 nmethods=62 adapters=204 free_code_cache=48697Kb largest_free_block=49854528

Compilation events (10 events):
Event: 1.969 Thread 0x6c425c00   58             java.lang.CharacterData::of (120 bytes)
Event: 1.970 Thread 0x6c425c00 nmethod 58 0xb3631a08 code [0xb3631b00, 0xb3631bd0]
Event: 1.971 Thread 0x6c427c00   59             java.lang.CharacterDataLatin1::getProperties (11 bytes)
Event: 1.972 Thread 0x6c427c00 nmethod 59 0xb362d5c8 code [0xb362d6c0, 0xb362d730]
Event: 1.982 Thread 0x6c427c00   60             java.lang.String::replace (127 bytes)
Event: 2.006 Thread 0x6c425c00   61             java.nio.DirectByteBuffer::ix (10 bytes)
Event: 2.006 Thread 0x6c425c00 nmethod 61 0xb362d448 code [0xb362d520, 0xb362d570]
Event: 2.015 Thread 0x6c425c00   62             java.util.ArrayList::size (5 bytes)
Event: 2.015 Thread 0x6c425c00 nmethod 62 0xb362d288 code [0xb362d360, 0xb362d3b0]
Event: 2.017 Thread 0x6c427c00 nmethod 60 0xb36355c8 code [0xb36356e0, 0xb3635b10]

GC Heap History (0 events):
No events

Deoptimization events (10 events):
Event: 0.402 Thread 0x6c4f8400 Uncommon trap: reason=class_check action=maybe_recompile pc=0xb361c37c method=java.util.Properties$LineReader.readLine()I @ 62
Event: 0.580 Thread 0x6c4f8400 Uncommon trap: reason=class_check action=maybe_recompile pc=0xb361944c method=java.lang.String.equals(Ljava/lang/Object;)Z @ 8
Event: 0.580 Thread 0x6c4f8400 Uncommon trap: reason=class_check action=maybe_recompile pc=0xb361944c method=java.lang.String.equals(Ljava/lang/Object;)Z @ 8
Event: 0.580 Thread 0x6c4f8400 Uncommon trap: reason=class_check action=maybe_recompile pc=0xb361944c method=java.lang.String.equals(Ljava/lang/Object;)Z @ 8
Event: 0.580 Thread 0x6c4f8400 Uncommon trap: reason=class_check action=maybe_recompile pc=0xb361944c method=java.lang.String.equals(Ljava/lang/Object;)Z @ 8
Event: 1.838 Thread 0x6c4f8400 Uncommon trap: reason=bimorphic action=maybe_recompile pc=0xb361e154 method=java.util.Properties$LineReader.readLine()I @ 62
Event: 1.838 Thread 0x6c4f8400 Uncommon trap: reason=bimorphic action=maybe_recompile pc=0xb361e154 method=java.util.Properties$LineReader.readLine()I @ 62
Event: 1.840 Thread 0x6c4f8400 Uncommon trap: reason=bimorphic action=maybe_recompile pc=0xb361e154 method=java.util.Properties$LineReader.readLine()I @ 62
Event: 1.840 Thread 0x6c4f8400 Uncommon trap: reason=bimorphic action=maybe_recompile pc=0xb361e154 method=java.util.Properties$LineReader.readLine()I @ 62
Event: 1.960 Thread 0x6c4f5000 Uncommon trap: reason=unreached action=reinterpret pc=0xb362ec44 method=java.util.TreeMap.getEntry(Ljava/lang/Object;)Ljava/util/TreeMap$Entry; @ 4

Internal exceptions (10 events):
Event: 2.076 Thread 0x68a08000 Threw 0x9eb05288 at /HUDSON/workspace/7u-2-build-linux-i586/jdk7u51/527/hotspot/src/share/vm/prims/jvm.cpp:1244
Event: 2.077 Thread 0x68a08000 Threw 0x9eb08678 at /HUDSON/workspace/7u-2-build-linux-i586/jdk7u51/527/hotspot/src/share/vm/prims/jvm.cpp:1244
Event: 2.077 Thread 0x68a08000 Threw 0x9eb0b630 at /HUDSON/workspace/7u-2-build-linux-i586/jdk7u51/527/hotspot/src/share/vm/prims/jvm.cpp:1244
Event: 2.077 Thread 0x68a08000 Threw 0x9eb0b7a8 at /HUDSON/workspace/7u-2-build-linux-i586/jdk7u51/527/hotspot/src/share/vm/classfile/systemDictionary.cpp:174
Event: 2.155 Thread 0x68a08000 Threw 0x9eb0c460 at /HUDSON/workspace/7u-2-build-linux-i586/jdk7u51/527/hotspot/src/share/vm/prims/jvm.cpp:1244
Event: 2.156 Thread 0x68a08000 Threw 0x9eb0efa0 at /HUDSON/workspace/7u-2-build-linux-i586/jdk7u51/527/hotspot/src/share/vm/prims/jvm.cpp:1244
Event: 2.263 Thread 0x68a08000 Threw 0x9eb22f50 at /HUDSON/workspace/7u-2-build-linux-i586/jdk7u51/527/hotspot/src/share/vm/prims/jvm.cpp:1244
Event: 2.330 Thread 0x68a08000 Threw 0x9eb2b158 at /HUDSON/workspace/7u-2-build-linux-i586/jdk7u51/527/hotspot/src/share/vm/prims/jvm.cpp:1244
Event: 2.330 Thread 0x68a08000 Threw 0x9eb2d620 at /HUDSON/workspace/7u-2-build-linux-i586/jdk7u51/527/hotspot/src/share/vm/prims/jvm.cpp:1244
Event: 2.331 Thread 0x68a08000 Threw 0x9eb2fd90 at /HUDSON/workspace/7u-2-build-linux-i586/jdk7u51/527/hotspot/src/share/vm/prims/jvm.cpp:1244

Events (10 events):
Event: 2.156 loading class 0x6eee0ac0
Event: 2.157 loading class 0x6eee0ac0 done
Event: 2.263 loading class 0x69b23dc0
Event: 2.263 loading class 0x69b23dc0 done
Event: 2.330 loading class 0x6eed2788
Event: 2.330 loading class 0x6eed2788 done
Event: 2.330 loading class 0x6eed25c0
Event: 2.330 loading class 0x6eed25c0 done
Event: 2.331 loading class 0x6eed25f0
Event: 2.331 loading class 0x6eed25f0 done


Dynamic libraries:
08048000-08049000 r-xp 00000000 09:01 140091     /home/kruno2/jmonkeyplatform/jdk/bin/java
08049000-0804a000 rw-p 00000000 09:01 140091     /home/kruno2/jmonkeyplatform/jdk/bin/java
08f7b000-09186000 rw-p 00000000 00:00 0          [heap]
68a00000-68afd000 rw-p 00000000 00:00 0 
68afd000-68b00000 ---p 00000000 00:00 0 
68c21000-68c2c000 r--s 0037c000 09:01 139205     /home/kruno2/jmonkeyplatform/jdk/jre/lib/charsets.jar
68c2c000-68d6b000 rw-s 00000000 00:04 3309581    /SYSV00000000 (deleted)
68d6b000-68dcb000 rw-s 00000000 00:04 3276812    /SYSV00000000 (deleted)
68def000-68dfa000 r-xp 00000000 09:01 788264     /usr/lib/i386-linux-gnu/libdrm.so.2.4.0
68dfa000-68dfb000 r--p 0000a000 09:01 788264     /usr/lib/i386-linux-gnu/libdrm.so.2.4.0
68dfb000-68dfc000 rw-p 0000b000 09:01 788264     /usr/lib/i386-linux-gnu/libdrm.so.2.4.0
68dfc000-68e12000 r-xp 00000000 09:01 797324     /usr/lib/i386-linux-gnu/libxcb-glx.so.0.0.0
68e12000-68e13000 r--p 00016000 09:01 797324     /usr/lib/i386-linux-gnu/libxcb-glx.so.0.0.0
68e13000-68e14000 rw-p 00017000 09:01 797324     /usr/lib/i386-linux-gnu/libxcb-glx.so.0.0.0
68e14000-68e23000 r-xp 00000000 09:01 797319     /usr/lib/i386-linux-gnu/libglapi.so.0.0.0
68e23000-68e25000 r--p 0000f000 09:01 797319     /usr/lib/i386-linux-gnu/libglapi.so.0.0.0
68e25000-68e2a000 rwxp 00011000 09:01 797319     /usr/lib/i386-linux-gnu/libglapi.so.0.0.0
68e2a000-68e7c000 r-xp 00000000 09:01 1053785    /usr/lib/i386-linux-gnu/mesa/libGL.so.1.2
68e7c000-68e7e000 r--p 00051000 09:01 1053785    /usr/lib/i386-linux-gnu/mesa/libGL.so.1.2
68e7e000-68e83000 rwxp 00053000 09:01 1053785    /usr/lib/i386-linux-gnu/mesa/libGL.so.1.2
68e83000-68e86000 ---p 00000000 00:00 0 
68e86000-68e9c000 rw-p 00000000 00:00 0 
68e9c000-68ea0000 r-xp 00000000 09:01 797326     /usr/lib/i386-linux-gnu/libXxf86vm.so.1.0.0
68ea0000-68ea1000 r--p 00003000 09:01 797326     /usr/lib/i386-linux-gnu/libXxf86vm.so.1.0.0
68ea1000-68ea2000 rw-p 00004000 09:01 797326     /usr/lib/i386-linux-gnu/libXxf86vm.so.1.0.0
68ea2000-68efc000 r-xp 00000000 09:01 925193     /home/kruno2/jMonkeyGames/Tower Defense/liblwjgl.so
68efc000-68efd000 r--p 0005a000 09:01 925193     /home/kruno2/jMonkeyGames/Tower Defense/liblwjgl.so
68efd000-68efe000 rw-p 0005b000 09:01 925193     /home/kruno2/jMonkeyGames/Tower Defense/liblwjgl.so
68efe000-68f01000 ---p 00000000 00:00 0 
68f01000-68f4f000 rw-p 00000000 00:00 0 
68f4f000-68faf000 r-xp 00000000 09:01 139725     /home/kruno2/jmonkeyplatform/jdk/jre/lib/i386/libt2k.so
68faf000-68fb3000 rw-p 0005f000 09:01 139725     /home/kruno2/jmonkeyplatform/jdk/jre/lib/i386/libt2k.so
68fb3000-68fb7000 rw-p 00000000 00:00 0 
68fb7000-68fba000 ---p 00000000 00:00 0 
68fba000-69008000 rw-p 00000000 00:00 0 
69008000-69009000 ---p 00000000 00:00 0 
69009000-69809000 rw-p 00000000 00:00 0 
69809000-69823000 r-xp 00000000 09:01 796441     /usr/lib/i386-linux-gnu/libdbusmenu-glib.so.4.0.13
69823000-69824000 r--p 00019000 09:01 796441     /usr/lib/i386-linux-gnu/libdbusmenu-glib.so.4.0.13
69824000-69825000 rw-p 0001a000 09:01 796441     /usr/lib/i386-linux-gnu/libdbusmenu-glib.so.4.0.13
69825000-69836000 r-xp 00000000 09:01 796604     /usr/lib/i386-linux-gnu/libdbusmenu-gtk.so.4.0.13
69836000-69837000 r--p 00010000 09:01 796604     /usr/lib/i386-linux-gnu/libdbusmenu-gtk.so.4.0.13
69837000-69838000 rw-p 00011000 09:01 796604     /usr/lib/i386-linux-gnu/libdbusmenu-gtk.so.4.0.13
69838000-69846000 r-xp 00000000 09:01 3408056    /lib/i386-linux-gnu/libudev.so.0.13.0
69846000-69847000 r--p 0000e000 09:01 3408056    /lib/i386-linux-gnu/libudev.so.0.13.0
69847000-69848000 rw-p 0000f000 09:01 3408056    /lib/i386-linux-gnu/libudev.so.0.13.0
69848000-6988f000 r-xp 00000000 09:01 3411545    /lib/i386-linux-gnu/libdbus-1.so.3.5.8
6988f000-69890000 ---p 00047000 09:01 3411545    /lib/i386-linux-gnu/libdbus-1.so.3.5.8
69890000-69891000 r--p 00047000 09:01 3411545    /lib/i386-linux-gnu/libdbus-1.so.3.5.8
69891000-69892000 rw-p 00048000 09:01 3411545    /lib/i386-linux-gnu/libdbus-1.so.3.5.8
698a3000-698b8000 r-xp 00000000 09:01 918264     /usr/lib/i386-linux-gnu/gvfs/libgvfscommon.so
698b8000-698b9000 r--p 00014000 09:01 918264     /usr/lib/i386-linux-gnu/gvfs/libgvfscommon.so
698b9000-698ba000 rw-p 00015000 09:01 918264     /usr/lib/i386-linux-gnu/gvfs/libgvfscommon.so
698ba000-698fe000 r-xp 00000000 09:01 797781     /usr/lib/i386-linux-gnu/libibus-1.0.so.0.401.0
698fe000-698ff000 r--p 00043000 09:01 797781     /usr/lib/i386-linux-gnu/libibus-1.0.so.0.401.0
698ff000-69900000 rw-p 00044000 09:01 797781     /usr/lib/i386-linux-gnu/libibus-1.0.so.0.401.0
69900000-699f7000 rw-p 00000000 00:00 0 
699f7000-69a00000 ---p 00000000 00:00 0 
69a00000-69a05000 r-xp 00000000 09:01 1972676    /usr/lib/i386-linux-gnu/gtk-2.0/2.10.0/menuproxies/libappmenu.so
69a05000-69a06000 r--p 00004000 09:01 1972676    /usr/lib/i386-linux-gnu/gtk-2.0/2.10.0/menuproxies/libappmenu.so
69a06000-69a07000 rw-p 00005000 09:01 1972676    /usr/lib/i386-linux-gnu/gtk-2.0/2.10.0/menuproxies/libappmenu.so
69a07000-69a30000 r-xp 00000000 09:01 918265     /usr/lib/i386-linux-gnu/gio/modules/libgvfsdbus.so
69a30000-69a31000 r--p 00028000 09:01 918265     /usr/lib/i386-linux-gnu/gio/modules/libgvfsdbus.so
69a31000-69a32000 rw-p 00029000 09:01 918265     /usr/lib/i386-linux-gnu/gio/modules/libgvfsdbus.so
69a32000-69a38000 r-xp 00000000 09:01 2109048    /usr/lib/i386-linux-gnu/gtk-2.0/2.10.0/immodules/im-ibus.so
69a38000-69a39000 r--p 00005000 09:01 2109048    /usr/lib/i386-linux-gnu/gtk-2.0/2.10.0/immodules/im-ibus.so
69a39000-69a3a000 rw-p 00006000 09:01 2109048    /usr/lib/i386-linux-gnu/gtk-2.0/2.10.0/immodules/im-ibus.so
69a3a000-69a8c000 r--p 00000000 09:01 1575311    /usr/share/fonts/truetype/ttf-dejavu/DejaVuSansMono.ttf
69a8c000-69ae3000 r--p 00000000 09:01 2109383    /usr/share/fonts/truetype/ubuntu-font-family/Ubuntu-R.ttf
69ae3000-69ae5000 r-xp 00000000 09:01 1972656    /usr/lib/i386-linux-gnu/pango/1.6.0/modules/pango-basic-fc.so
69ae5000-69ae6000 r--p 00001000 09:01 1972656    /usr/lib/i386-linux-gnu/pango/1.6.0/modules/pango-basic-fc.so
69ae6000-69ae7000 rw-p 00002000 09:01 1972656    /usr/lib/i386-linux-gnu/pango/1.6.0/modules/pango-basic-fc.so
69ae7000-69ae8000 r--s 00000000 09:01 3154384    /var/cache/fontconfig/c05880de57d1f5e948fdfacc138775d9-le32d4.cache-3
69ae8000-69aee000 r--s 00000000 09:01 3154383    /var/cache/fontconfig/945677eb7aeaf62f1d50efc3fb3ec7d8-le32d4.cache-3
69aee000-69af0000 r--s 00000000 09:01 3154375    /var/cache/fontconfig/99e8ed0e538f840c565b6ed5dad60d56-le32d4.cache-3
69af0000-69af3000 r--s 00000000 09:01 3154374    /var/cache/fontconfig/2cd17615ca594fa2959ae173292e504c-le32d4.cache-3
69af3000-69af4000 r--s 00000000 09:01 3154372    /var/cache/fontconfig/e7071f4a29fa870f4323321c154eba04-le32d4.cache-3
69af4000-69af5000 r--s 00000000 09:01 3154371    /var/cache/fontconfig/0d8c3b2ac0904cb8a57a757ad11a4a08-le32d4.cache-3
69af5000-69af9000 r--s 00000000 09:01 3154370    /var/cache/fontconfig/a755afe4a08bf5b97852ceb7400b47bc-le32d4.cache-3
69af9000-69b00000 r--s 00000000 09:01 3155517    /var/cache/fontconfig/6d41288fd70b0be22e8c3a91e032eec0-le32d4.cache-3
69b00000-69b90000 rw-p 00000000 00:00 0 
69b90000-69c00000 ---p 00000000 00:00 0 
69c01000-69c02000 r-xp 00000000 09:01 789576     /usr/lib/i386-linux-gnu/libX11-xcb.so.1.0.0
69c02000-69c03000 r--p 00000000 09:01 789576     /usr/lib/i386-linux-gnu/libX11-xcb.so.1.0.0
69c03000-69c04000 rw-p 00001000 09:01 789576     /usr/lib/i386-linux-gnu/libX11-xcb.so.1.0.0
69c04000-69c05000 r-xp 00000000 09:01 139762     /home/kruno2/jmonkeyplatform/jdk/jre/lib/i386/libjawt.so
69c05000-69c06000 rw-p 00000000 09:01 139762     /home/kruno2/jmonkeyplatform/jdk/jre/lib/i386/libjawt.so
69c06000-69c11000 r--s 00000000 09:01 3154365    /var/cache/fontconfig/04aabc0a78ac019cf9454389977116d2-le32d4.cache-3
69c11000-69c14000 r--s 00000000 09:01 3154363    /var/cache/fontconfig/385c0604a188198f04d133e54aba7fe7-le32d4.cache-3
69c14000-69c15000 r--s 00000000 09:01 3151461    /var/cache/fontconfig/4794a0821666d79190d59a36cb4f44b5-le32d4.cache-3
69c15000-69c18000 r--s 00000000 09:01 3154358    /var/cache/fontconfig/8801497958630a81b71ace7c5f9b32a8-le32d4.cache-3
69c18000-69c1c000 r--s 00000000 09:01 3154357    /var/cache/fontconfig/3047814df9a2f067bd2d96a2b9c36e5a-le32d4.cache-3
69c1c000-69c20000 r--s 00000000 09:01 3154350    /var/cache/fontconfig/b47c4e1ecd0709278f4910c18777a504-le32d4.cache-3
69c20000-69c2d000 r--s 00000000 09:01 3154348    /var/cache/fontconfig/d52a8644073d54c13679302ca1180695-le32d4.cache-3
69c2d000-69c46000 r--s 00000000 09:01 1707833    /usr/share/fonts/type1/gsfonts/n021003l.pfb
69c46000-69c5c000 r--s 00000000 09:01 1707866    /usr/share/fonts/type1/gsfonts/n021024l.pfb
69c5c000-69c72000 r--s 00000000 09:01 1707919    /usr/share/fonts/type1/gsfonts/n022023l.pfb
69c72000-69c89000 r--s 00000000 09:01 1707871    /usr/share/fonts/type1/gsfonts/n021023l.pfb
69c89000-69c93000 r--s 00000000 09:01 1709278    /usr/share/fonts/type1/mathml/Symbol.pfb
69c93000-69ca4000 r--s 00000000 09:01 1707876    /usr/share/fonts/type1/gsfonts/n019023l.pfb
69ca4000-69cb8000 r--s 00000000 09:01 1707852    /usr/share/fonts/type1/gsfonts/n019003l.pfb
69cb8000-69ced000 r--s 00000000 09:01 3157745    /var/cache/nscd/hosts
69ced000-69d02000 r-xp 00000000 09:01 139759     /home/kruno2/jmonkeyplatform/jdk/jre/lib/i386/libnet.so
69d02000-69d03000 rw-p 00014000 09:01 139759     /home/kruno2/jmonkeyplatform/jdk/jre/lib/i386/libnet.so
69d03000-69d1f000 r-xp 00000000 09:01 3407924    /lib/i386-linux-gnu/libgcc_s.so.1
69d1f000-69d20000 r--p 0001b000 09:01 3407924    /lib/i386-linux-gnu/libgcc_s.so.1
69d20000-69d21000 rw-p 0001c000 09:01 3407924    /lib/i386-linux-gnu/libgcc_s.so.1
69d21000-69d82000 r-xp 00000000 09:01 139768     /home/kruno2/jmonkeyplatform/jdk/jre/lib/i386/libfontmanager.so
69d82000-69d85000 rw-p 00060000 09:01 139768     /home/kruno2/jmonkeyplatform/jdk/jre/lib/i386/libfontmanager.so
69d85000-69d89000 rw-p 00000000 00:00 0 
69d89000-69d8f000 r-xp 00000000 09:01 797229     /usr/lib/i386-linux-gnu/libogg.so.0.7.1
69d8f000-69d90000 r--p 00005000 09:01 797229     /usr/lib/i386-linux-gnu/libogg.so.0.7.1
69d90000-69d91000 rw-p 00006000 09:01 797229     /usr/lib/i386-linux-gnu/libogg.so.0.7.1
69d91000-69dba000 r-xp 00000000 09:01 797239     /usr/lib/i386-linux-gnu/libvorbis.so.0.4.5
69dba000-69dbb000 r--p 00028000 09:01 797239     /usr/lib/i386-linux-gnu/libvorbis.so.0.4.5
69dbb000-69dbc000 rw-p 00029000 09:01 797239     /usr/lib/i386-linux-gnu/libvorbis.so.0.4.5
69dbc000-69dc4000 r-xp 00000000 09:01 796856     /usr/lib/i386-linux-gnu/libltdl.so.7.3.0
69dc4000-69dc5000 r--p 00008000 09:01 796856     /usr/lib/i386-linux-gnu/libltdl.so.7.3.0
69dc5000-69dc6000 rw-p 00009000 09:01 796856     /usr/lib/i386-linux-gnu/libltdl.so.7.3.0
69dc6000-69dd7000 r-xp 00000000 09:01 797498     /usr/lib/i386-linux-gnu/libtdb.so.1.2.9
69dd7000-69dd8000 r--p 00010000 09:01 797498     /usr/lib/i386-linux-gnu/libtdb.so.1.2.9
69dd8000-69dd9000 rw-p 00011000 09:01 797498     /usr/lib/i386-linux-gnu/libtdb.so.1.2.9
69dd9000-69de1000 r-xp 00000000 09:01 797500     /usr/lib/i386-linux-gnu/libvorbisfile.so.3.3.4
69de1000-69de2000 r--p 00007000 09:01 797500     /usr/lib/i386-linux-gnu/libvorbisfile.so.3.3.4
69de2000-69de3000 rw-p 00008000 09:01 797500     /usr/lib/i386-linux-gnu/libvorbisfile.so.3.3.4
69de3000-69df2000 r-xp 00000000 09:01 797504     /usr/lib/i386-linux-gnu/libcanberra.so.0.2.5
69df2000-69df3000 r--p 0000e000 09:01 797504     /usr/lib/i386-linux-gnu/libcanberra.so.0.2.5
69df3000-69df4000 rw-p 0000f000 09:01 797504     /usr/lib/i386-linux-gnu/libcanberra.so.0.2.5
69df4000-69df8000 r-xp 00000000 09:01 797508     /usr/lib/i386-linux-gnu/libcanberra-gtk.so.0.1.8
69df8000-69df9000 r--p 00003000 09:01 797508     /usr/lib/i386-linux-gnu/libcanberra-gtk.so.0.1.8
69df9000-69dfa000 rw-p 00004000 09:01 797508     /usr/lib/i386-linux-gnu/libcanberra-gtk.so.0.1.8
69dfa000-69dfc000 r--s 00000000 09:01 3145899    /var/cache/fontconfig/e13b20fdb08344e0e664864cc2ede53d-le32d4.cache-3
69dfc000-69e0a000 r-xp 00000000 09:01 139764     /home/kruno2/jmonkeyplatform/jdk/jre/lib/i386/libnio.so
69e0a000-69e0b000 rw-p 0000e000 09:01 139764     /home/kruno2/jmonkeyplatform/jdk/jre/lib/i386/libnio.so
69e0b000-69e10000 r-xp 00000000 09:01 1975929    /usr/lib/i386-linux-gnu/gtk-2.0/modules/libcanberra-gtk-module.so
69e10000-69e11000 r--p 00004000 09:01 1975929    /usr/lib/i386-linux-gnu/gtk-2.0/modules/libcanberra-gtk-module.so
69e11000-69e12000 rw-p 00005000 09:01 1975929    /usr/lib/i386-linux-gnu/gtk-2.0/modules/libcanberra-gtk-module.so
69e12000-69e47000 r-xp 00000000 09:01 2108974    /usr/lib/i386-linux-gnu/gtk-2.0/2.10.0/engines/libmurrine.so
69e47000-69e48000 r--p 00034000 09:01 2108974    /usr/lib/i386-linux-gnu/gtk-2.0/2.10.0/engines/libmurrine.so
69e48000-69e49000 rw-p 00035000 09:01 2108974    /usr/lib/i386-linux-gnu/gtk-2.0/2.10.0/engines/libmurrine.so
69e49000-69e4a000 ---p 00000000 00:00 0 
69e4a000-6a64a000 rw-p 00000000 00:00 0 
6a64a000-6a64b000 ---p 00000000 00:00 0 
6a64b000-6ae4b000 rw-p 00000000 00:00 0 
6ae4b000-6ae70000 r--p 00000000 09:01 791816     /usr/share/glib-2.0/schemas/gschemas.compiled
6ae70000-6ae80000 r-xp 00000000 09:01 799975     /usr/lib/liboverlay-scrollbar-0.2.so.0.0.16
6ae80000-6ae81000 r--p 0000f000 09:01 799975     /usr/lib/liboverlay-scrollbar-0.2.so.0.0.16
6ae81000-6ae82000 rw-p 00010000 09:01 799975     /usr/lib/liboverlay-scrollbar-0.2.so.0.0.16
6ae82000-6aebc000 r-xp 00000000 09:01 3408046    /lib/i386-linux-gnu/libpcre.so.3.12.1
6aebc000-6aebd000 r--p 00039000 09:01 3408046    /lib/i386-linux-gnu/libpcre.so.3.12.1
6aebd000-6aebe000 rw-p 0003a000 09:01 3408046    /lib/i386-linux-gnu/libpcre.so.3.12.1
6aebe000-6aec3000 r-xp 00000000 09:01 787197     /usr/lib/i386-linux-gnu/libffi.so.6.0.0
6aec3000-6aec4000 r--p 00004000 09:01 787197     /usr/lib/i386-linux-gnu/libffi.so.6.0.0
6aec4000-6aec5000 rw-p 00005000 09:01 787197     /usr/lib/i386-linux-gnu/libffi.so.6.0.0
6aec5000-6aeeb000 r-xp 00000000 09:01 3408274    /lib/i386-linux-gnu/libexpat.so.1.5.2
6aeeb000-6aeec000 ---p 00026000 09:01 3408274    /lib/i386-linux-gnu/libexpat.so.1.5.2
6aeec000-6aeee000 r--p 00026000 09:01 3408274    /lib/i386-linux-gnu/libexpat.so.1.5.2
6aeee000-6aeef000 rw-p 00028000 09:01 3408274    /lib/i386-linux-gnu/libexpat.so.1.5.2
6aeef000-6af02000 r-xp 00000000 09:01 3408059    /lib/i386-linux-gnu/libresolv-2.15.so
6af02000-6af03000 ---p 00013000 09:01 3408059    /lib/i386-linux-gnu/libresolv-2.15.so
6af03000-6af04000 r--p 00013000 09:01 3408059    /lib/i386-linux-gnu/libresolv-2.15.so
6af04000-6af05000 rw-p 00014000 09:01 3408059    /lib/i386-linux-gnu/libresolv-2.15.so
6af05000-6af07000 rw-p 00000000 00:00 0 
6af07000-6af24000 r-xp 00000000 09:01 3407972    /lib/i386-linux-gnu/libselinux.so.1
6af24000-6af25000 r--p 0001c000 09:01 3407972    /lib/i386-linux-gnu/libselinux.so.1
6af25000-6af26000 rw-p 0001d000 09:01 3407972    /lib/i386-linux-gnu/libselinux.so.1
6af26000-6af29000 r-xp 00000000 09:01 791113     /usr/lib/i386-linux-gnu/libgmodule-2.0.so.0.3200.4
6af29000-6af2a000 r--p 00002000 09:01 791113     /usr/lib/i386-linux-gnu/libgmodule-2.0.so.0.3200.4
6af2a000-6af2b000 rw-p 00003000 09:01 791113     /usr/lib/i386-linux-gnu/libgmodule-2.0.so.0.3200.4
6af2b000-6af3f000 r-xp 00000000 09:01 3408102    /lib/i386-linux-gnu/libz.so.1.2.3.4
6af3f000-6af40000 r--p 00013000 09:01 3408102    /lib/i386-linux-gnu/libz.so.1.2.3.4
6af40000-6af41000 rw-p 00014000 09:01 3408102    /lib/i386-linux-gnu/libz.so.1.2.3.4
6af41000-6af49000 r-xp 00000000 09:01 796487     /usr/lib/i386-linux-gnu/libxcb-render.so.0.0.0
6af49000-6af4a000 r--p 00008000 09:01 796487     /usr/lib/i386-linux-gnu/libxcb-render.so.0.0.0
6af4a000-6af4b000 rw-p 00009000 09:01 796487     /usr/lib/i386-linux-gnu/libxcb-render.so.0.0.0
6af4b000-6af4d000 r-xp 00000000 09:01 796491     /usr/lib/i386-linux-gnu/libxcb-shm.so.0.0.0
6af4d000-6af4e000 r--p 00001000 09:01 796491     /usr/lib/i386-linux-gnu/libxcb-shm.so.0.0.0
6af4e000-6af4f000 rw-p 00002000 09:01 796491     /usr/lib/i386-linux-gnu/libxcb-shm.so.0.0.0
6af4f000-6af77000 r-xp 00000000 09:01 3407961    /lib/i386-linux-gnu/libpng12.so.0.46.0
6af77000-6af78000 r--p 00027000 09:01 3407961    /lib/i386-linux-gnu/libpng12.so.0.46.0
6af78000-6af79000 rw-p 00028000 09:01 3407961    /lib/i386-linux-gnu/libpng12.so.0.46.0
6af79000-6b00e000 r-xp 00000000 09:01 792451     /usr/lib/i386-linux-gnu/libpixman-1.so.0.30.2
6b00e000-6b013000 r--p 00095000 09:01 792451     /usr/lib/i386-linux-gnu/libpixman-1.so.0.30.2
6b013000-6b014000 rw-p 0009a000 09:01 792451     /usr/lib/i386-linux-gnu/libpixman-1.so.0.30.2
6b014000-6b0aa000 r-xp 00000000 09:01 796940     /usr/lib/i386-linux-gnu/libfreetype.so.6.8.0
6b0aa000-6b0ae000 r--p 00095000 09:01 796940     /usr/lib/i386-linux-gnu/libfreetype.so.6.8.0
6b0ae000-6b0af000 rw-p 00099000 09:01 796940     /usr/lib/i386-linux-gnu/libfreetype.so.6.8.0
6b0af000-6b0b1000 r-xp 00000000 09:01 797160     /usr/lib/i386-linux-gnu/libXdamage.so.1.1.0
6b0b1000-6b0b2000 r--p 00001000 09:01 797160     /usr/lib/i386-linux-gnu/libXdamage.so.1.1.0
6b0b2000-6b0b3000 rw-p 00002000 09:01 797160     /usr/lib/i386-linux-gnu/libXdamage.so.1.1.0
6b0b3000-6b1aa000 r-xp 00000000 09:01 3407931    /lib/i386-linux-gnu/libglib-2.0.so.0.3200.4
6b1aa000-6b1ab000 r--p 000f6000 09:01 3407931    /lib/i386-linux-gnu/libglib-2.0.so.0.3200.4
6b1ab000-6b1ac000 rw-p 000f7000 09:01 3407931    /lib/i386-linux-gnu/libglib-2.0.so.0.3200.4
6b1ac000-6b1f9000 r-xp 00000000 09:01 791107     /usr/lib/i386-linux-gnu/libgobject-2.0.so.0.3200.4
6b1f9000-6b1fa000 r--p 0004c000 09:01 791107     /usr/lib/i386-linux-gnu/libgobject-2.0.so.0.3200.4
6b1fa000-6b1fb000 rw-p 0004d000 09:01 791107     /usr/lib/i386-linux-gnu/libgobject-2.0.so.0.3200.4
6b1fb000-6b22d000 r-xp 00000000 09:01 796475     /usr/lib/i386-linux-gnu/libfontconfig.so.1.4.4
6b22d000-6b22e000 r--p 00032000 09:01 796475     /usr/lib/i386-linux-gnu/libfontconfig.so.1.4.4
6b22e000-6b22f000 rw-p 00033000 09:01 796475     /usr/lib/i386-linux-gnu/libfontconfig.so.1.4.4
6b22f000-6b276000 r-xp 00000000 09:01 796564     /usr/lib/i386-linux-gnu/libpango-1.0.so.0.3000.0
6b276000-6b277000 ---p 00047000 09:01 796564     /usr/lib/i386-linux-gnu/libpango-1.0.so.0.3000.0
6b277000-6b278000 r--p 00047000 09:01 796564     /usr/lib/i386-linux-gnu/libpango-1.0.so.0.3000.0
6b278000-6b279000 rw-p 00048000 09:01 796564     /usr/lib/i386-linux-gnu/libpango-1.0.so.0.3000.0
6b279000-6b2a3000 r-xp 00000000 09:01 796573     /usr/lib/i386-linux-gnu/libpangoft2-1.0.so.0.3000.0
6b2a3000-6b2a4000 r--p 00029000 09:01 796573     /usr/lib/i386-linux-gnu/libpangoft2-1.0.so.0.3000.0
6b2a4000-6b2a5000 rw-p 0002a000 09:01 796573     /usr/lib/i386-linux-gnu/libpangoft2-1.0.so.0.3000.0
6b2a5000-6b3f8000 r-xp 00000000 09:01 791108     /usr/lib/i386-linux-gnu/libgio-2.0.so.0.3200.4
6b3f8000-6b3fa000 r--p 00153000 09:01 791108     /usr/lib/i386-linux-gnu/libgio-2.0.so.0.3200.4
6b3fa000-6b3fb000 rw-p 00155000 09:01 791108     /usr/lib/i386-linux-gnu/libgio-2.0.so.0.3200.4
6b3fb000-6b3fc000 rw-p 00000000 00:00 0 
6b3fc000-6b41c000 r-xp 00000000 09:01 791445     /usr/lib/i386-linux-gnu/libgdk_pixbuf-2.0.so.0.2600.1
6b41c000-6b41d000 r--p 0001f000 09:01 791445     /usr/lib/i386-linux-gnu/libgdk_pixbuf-2.0.so.0.2600.1
6b41d000-6b41e000 rw-p 00020000 09:01 791445     /usr/lib/i386-linux-gnu/libgdk_pixbuf-2.0.so.0.2600.1
6b41e000-6b4e5000 r-xp 00000000 09:01 796501     /usr/lib/i386-linux-gnu/libcairo.so.2.11000.2
6b4e5000-6b4e6000 r--p 000c7000 09:01 796501     /usr/lib/i386-linux-gnu/libcairo.so.2.11000.2
6b4e6000-6b4e7000 rw-p 000c8000 09:01 796501     /usr/lib/i386-linux-gnu/libcairo.so.2.11000.2
6b4e7000-6b4e9000 rw-p 00000000 00:00 0 
6b4e9000-6b594000 r-xp 00000000 09:01 791572     /usr/lib/i386-linux-gnu/libgdk-x11-2.0.so.0.2400.10
6b594000-6b596000 r--p 000ab000 09:01 791572     /usr/lib/i386-linux-gnu/libgdk-x11-2.0.so.0.2400.10
6b596000-6b597000 rw-p 000ad000 09:01 791572     /usr/lib/i386-linux-gnu/libgdk-x11-2.0.so.0.2400.10
6b597000-6b9f8000 r-xp 00000000 09:01 791571     /usr/lib/i386-linux-gnu/libgtk-x11-2.0.so.0.2400.10
6b9f8000-6b9fc000 r--p 00461000 09:01 791571     /usr/lib/i386-linux-gnu/libgtk-x11-2.0.so.0.2400.10
6b9fc000-6b9fe000 rw-p 00465000 09:01 791571     /usr/lib/i386-linux-gnu/libgtk-x11-2.0.so.0.2400.10
6b9fe000-6ba00000 rw-p 00000000 00:00 0 
6ba00000-6baff000 rw-p 00000000 00:00 0 
6baff000-6bb00000 ---p 00000000 00:00 0 
6bb01000-6bb03000 r-xp 00000000 09:01 797154     /usr/lib/i386-linux-gnu/libXcomposite.so.1.0.0
6bb03000-6bb04000 r--p 00001000 09:01 797154     /usr/lib/i386-linux-gnu/libXcomposite.so.1.0.0
6bb04000-6bb05000 rw-p 00002000 09:01 797154     /usr/lib/i386-linux-gnu/libXcomposite.so.1.0.0
6bb05000-6bb22000 r-xp 00000000 09:01 796445     /usr/lib/i386-linux-gnu/libatk-1.0.so.0.20409.1
6bb22000-6bb24000 r--p 0001c000 09:01 796445     /usr/lib/i386-linux-gnu/libatk-1.0.so.0.20409.1
6bb24000-6bb25000 rw-p 0001e000 09:01 796445     /usr/lib/i386-linux-gnu/libatk-1.0.so.0.20409.1
6bb25000-6bb30000 r-xp 00000000 09:01 796571     /usr/lib/i386-linux-gnu/libpangocairo-1.0.so.0.3000.0
6bb30000-6bb31000 r--p 0000a000 09:01 796571     /usr/lib/i386-linux-gnu/libpangocairo-1.0.so.0.3000.0
6bb31000-6bb32000 rw-p 0000b000 09:01 796571     /usr/lib/i386-linux-gnu/libpangocairo-1.0.so.0.3000.0
6bb32000-6bb39000 r-xp 00000000 09:01 791563     /usr/lib/i386-linux-gnu/libXrandr.so.2.2.0
6bb39000-6bb3a000 r--p 00006000 09:01 791563     /usr/lib/i386-linux-gnu/libXrandr.so.2.2.0
6bb3a000-6bb3b000 rw-p 00007000 09:01 791563     /usr/lib/i386-linux-gnu/libXrandr.so.2.2.0
6bb3b000-6bb3c000 r--s 00000000 09:01 3154355    /var/cache/fontconfig/56cf4f4769d0f4abc89a4895d7bd3ae1-le32d4.cache-3
6bb3c000-6bb3f000 r--s 00000000 09:01 3145873    /var/cache/fontconfig/7ef2298fde41cc6eeb7af42e48b7d293-le32d4.cache-3
6bb3f000-6bb43000 r--p 00000000 09:01 131837     /home/kruno2/.config/dconf/user
6bb43000-6bb4a000 r-xp 00000000 09:01 924542     /usr/lib/i386-linux-gnu/gio/modules/libdconfsettings.so
6bb4a000-6bb4b000 r--p 00006000 09:01 924542     /usr/lib/i386-linux-gnu/gio/modules/libdconfsettings.so
6bb4b000-6bb4c000 rw-p 00007000 09:01 924542     /usr/lib/i386-linux-gnu/gio/modules/libdconfsettings.so
6bb4c000-6bb4f000 ---p 00000000 00:00 0 
6bb4f000-6bb9d000 rw-p 00000000 00:00 0 
6bb9d000-6bba0000 ---p 00000000 00:00 0 
6bba0000-6bbee000 rw-p 00000000 00:00 0 
6bbee000-6bbf1000 ---p 00000000 00:00 0 
6bbf1000-6bc3f000 rw-p 00000000 00:00 0 
6bc3f000-6bc42000 ---p 00000000 00:00 0 
6bc42000-6bc90000 rw-p 00000000 00:00 0 
6bc90000-6bc94000 r-xp 00000000 09:01 791448     /usr/lib/i386-linux-gnu/libXfixes.so.3.1.0
6bc94000-6bc95000 r--p 00004000 09:01 791448     /usr/lib/i386-linux-gnu/libXfixes.so.3.1.0
6bc95000-6bc96000 rw-p 00005000 09:01 791448     /usr/lib/i386-linux-gnu/libXfixes.so.3.1.0
6bc96000-6bc9f000 r-xp 00000000 09:01 797158     /usr/lib/i386-linux-gnu/libXcursor.so.1.0.2
6bc9f000-6bca0000 r--p 00008000 09:01 797158     /usr/lib/i386-linux-gnu/libXcursor.so.1.0.2
6bca0000-6bca1000 rw-p 00009000 09:01 797158     /usr/lib/i386-linux-gnu/libXcursor.so.1.0.2
6bca1000-6bca4000 ---p 00000000 00:00 0 
6bca4000-6bcf2000 rw-p 00000000 00:00 0 
6bcf2000-6bcf7000 r-xp 00000000 09:01 792491     /usr/lib/i386-linux-gnu/libXdmcp.so.6.0.0
6bcf7000-6bcf8000 r--p 00004000 09:01 792491     /usr/lib/i386-linux-gnu/libXdmcp.so.6.0.0
6bcf8000-6bcf9000 rw-p 00005000 09:01 792491     /usr/lib/i386-linux-gnu/libXdmcp.so.6.0.0
6bcf9000-6bcfb000 r-xp 00000000 09:01 792489     /usr/lib/i386-linux-gnu/libXau.so.6.0.0
6bcfb000-6bcfc000 r--p 00001000 09:01 792489     /usr/lib/i386-linux-gnu/libXau.so.6.0.0
6bcfc000-6bcfd000 rw-p 00002000 09:01 792489     /usr/lib/i386-linux-gnu/libXau.so.6.0.0
6bcfd000-6bd1c000 r-xp 00000000 09:01 792493     /usr/lib/i386-linux-gnu/libxcb.so.1.1.0
6bd1c000-6bd1d000 r--p 0001f000 09:01 792493     /usr/lib/i386-linux-gnu/libxcb.so.1.1.0
6bd1d000-6bd1e000 rw-p 00020000 09:01 792493     /usr/lib/i386-linux-gnu/libxcb.so.1.1.0
6bd1e000-6bd2d000 r-xp 00000000 09:01 791559     /usr/lib/i386-linux-gnu/libXi.so.6.1.0
6bd2d000-6bd2e000 r--p 0000e000 09:01 791559     /usr/lib/i386-linux-gnu/libXi.so.6.1.0
6bd2e000-6bd2f000 rw-p 0000f000 09:01 791559     /usr/lib/i386-linux-gnu/libXi.so.6.1.0
6bd2f000-6bd34000 r-xp 00000000 09:01 797347     /usr/lib/i386-linux-gnu/libXtst.so.6.1.0
6bd34000-6bd35000 r--p 00004000 09:01 797347     /usr/lib/i386-linux-gnu/libXtst.so.6.1.0
6bd35000-6bd36000 rw-p 00005000 09:01 797347     /usr/lib/i386-linux-gnu/libXtst.so.6.1.0
6bd36000-6be66000 r-xp 00000000 09:01 792088     /usr/lib/i386-linux-gnu/libX11.so.6.3.0
6be66000-6be67000 r--p 0012f000 09:01 792088     /usr/lib/i386-linux-gnu/libX11.so.6.3.0
6be67000-6be69000 rw-p 00130000 09:01 792088     /usr/lib/i386-linux-gnu/libX11.so.6.3.0
6be69000-6be6a000 rw-p 00000000 00:00 0 
6be6a000-6be7a000 r-xp 00000000 09:01 792136     /usr/lib/i386-linux-gnu/libXext.so.6.4.0
6be7a000-6be7b000 r--p 0000f000 09:01 792136     /usr/lib/i386-linux-gnu/libXext.so.6.4.0
6be7b000-6be7c000 rw-p 00010000 09:01 792136     /usr/lib/i386-linux-gnu/libXext.so.6.4.0
6be7c000-6be7d000 r-xp 00000000 09:01 791109     /usr/lib/i386-linux-gnu/libgthread-2.0.so.0.3200.4
6be7d000-6be7e000 r--p 00000000 09:01 791109     /usr/lib/i386-linux-gnu/libgthread-2.0.so.0.3200.4
6be7e000-6be7f000 rw-p 00001000 09:01 791109     /usr/lib/i386-linux-gnu/libgthread-2.0.so.0.3200.4
6be7f000-6be81000 r-xp 00000000 09:01 797164     /usr/lib/i386-linux-gnu/libXinerama.so.1.0.0
6be81000-6be82000 r--p 00001000 09:01 797164     /usr/lib/i386-linux-gnu/libXinerama.so.1.0.0
6be82000-6be83000 rw-p 00002000 09:01 797164     /usr/lib/i386-linux-gnu/libXinerama.so.1.0.0
6be83000-6be8d000 r--s 00250000 09:01 139850     /home/kruno2/jmonkeyplatform/jdk/jre/lib/resources.jar
6be8d000-6bed6000 r-xp 00000000 09:01 139735     /home/kruno2/jmonkeyplatform/jdk/jre/lib/i386/xawt/libmawt.so
6bed6000-6bed8000 rw-p 00049000 09:01 139735     /home/kruno2/jmonkeyplatform/jdk/jre/lib/i386/xawt/libmawt.so
6bed8000-6bed9000 rw-p 00000000 00:00 0 
6bed9000-6bf5f000 r-xp 00000000 09:01 139721     /home/kruno2/jmonkeyplatform/jdk/jre/lib/i386/libawt.so
6bf5f000-6bf66000 rw-p 00086000 09:01 139721     /home/kruno2/jmonkeyplatform/jdk/jre/lib/i386/libawt.so
6bf66000-6bf8a000 rw-p 00000000 00:00 0 
6bf8a000-6bf8b000 ---p 00000000 00:00 0 
6bf8b000-6c00b000 rw-p 00000000 00:00 0 
6c00b000-6c00e000 ---p 00000000 00:00 0 
6c00e000-6c05c000 rw-p 00000000 00:00 0 
6c05c000-6c05f000 ---p 00000000 00:00 0 
6c05f000-6c0dd000 rw-p 00000000 00:00 0 
6c0dd000-6c0e0000 ---p 00000000 00:00 0 
6c0e0000-6c15e000 rw-p 00000000 00:00 0 
6c15e000-6c161000 ---p 00000000 00:00 0 
6c161000-6c1af000 rw-p 00000000 00:00 0 
6c1af000-6c3af000 r--p 00000000 09:01 792116     /usr/lib/locale/locale-archive
6c3af000-6c3b2000 ---p 00000000 00:00 0 
6c3b2000-6c400000 rw-p 00000000 00:00 0 
6c400000-6c4fa000 rw-p 00000000 00:00 0 
6c4fa000-6c500000 ---p 00000000 00:00 0 
6c500000-6c508000 r-xp 00000000 09:01 791561     /usr/lib/i386-linux-gnu/libXrender.so.1.3.0
6c508000-6c509000 r--p 00007000 09:01 791561     /usr/lib/i386-linux-gnu/libXrender.so.1.3.0
6c509000-6c50a000 rw-p 00008000 09:01 791561     /usr/lib/i386-linux-gnu/libXrender.so.1.3.0
6c50a000-6c50e000 r--s 000f7000 09:01 139834     /home/kruno2/jmonkeyplatform/jdk/jre/lib/ext/localedata.jar
6c50e000-6c511000 r--s 0001a000 09:01 138819     /home/kruno2/jmonkeyplatform/jmonkeyplatform/libs/xmlpull-xpp3.jar
6c511000-6c513000 r--s 00012000 09:01 138948     /home/kruno2/jmonkeyplatform/jmonkeyplatform/libs/eventbus.jar
6c513000-6c515000 r--s 00010000 09:01 138580     /home/kruno2/jmonkeyplatform/jmonkeyplatform/libs/nifty-style-black.jar
6c515000-6c51d000 r--s 00039000 09:01 138218     /home/kruno2/jmonkeyplatform/jmonkeyplatform/libs/nifty-default-controls.jar
6c51d000-6c529000 r--s 00076000 09:01 139020     /home/kruno2/jmonkeyplatform/jmonkeyplatform/libs/nifty.jar
6c529000-6c533000 r--s 00079000 09:01 138974     /home/kruno2/jmonkeyplatform/jmonkeyplatform/libs/jbullet.jar
6c533000-6c537000 r--s 00025000 09:01 138813     /home/kruno2/jmonkeyplatform/jmonkeyplatform/libs/jME3-jbullet.jar
6c537000-6c538000 ---p 00000000 00:00 0 
6c538000-6c603000 rw-p 00000000 00:00 0 
6c603000-6c7c0000 r--s 039bf000 09:01 139931     /home/kruno2/jmonkeyplatform/jdk/jre/lib/rt.jar
6c7c0000-6ee00000 rw-p 00000000 00:00 0 
6ee00000-6ef00000 rw-p 00000000 00:00 0 
6ef00000-6ef01000 r--s 00000000 09:01 3154351    /var/cache/fontconfig/b9d506c9ac06c20b433354fa67a72993-le32d4.cache-3
6ef01000-6ef02000 r--s 00000000 09:01 131372     /home/kruno2/.cache/dconf/user
6ef02000-6ef03000 r--s 00008000 09:01 138776     /home/kruno2/jmonkeyplatform/jmonkeyplatform/libs/jME3-niftygui.jar
6ef03000-6ef11000 r--s 000e2000 09:01 139017     /home/kruno2/jmonkeyplatform/jmonkeyplatform/libs/lwjgl.jar
6ef11000-6ef15000 r--s 00030000 09:01 138999     /home/kruno2/jmonkeyplatform/jmonkeyplatform/libs/jinput.jar
6ef15000-6ef17000 r--s 00243000 09:01 138522     /home/kruno2/jmonkeyplatform/jmonkeyplatform/libs/jME3-lwjgl-natives.jar
6ef17000-6ef19000 r--s 00017000 09:01 138898     /home/kruno2/jmonkeyplatform/jmonkeyplatform/libs/jME3-lwjgl.jar
6ef19000-6ef1d000 r--s 00023000 09:01 138820     /home/kruno2/jmonkeyplatform/jmonkeyplatform/libs/jME3-terrain.jar
6ef1d000-6ef2e000 r--s 0011b000 09:01 138922     /home/kruno2/jmonkeyplatform/jmonkeyplatform/libs/jME3-core.jar
6ef2e000-6ef31000 ---p 00000000 00:00 0 
6ef31000-6ef7f000 rw-p 00000000 00:00 0 
6ef7f000-6ef80000 ---p 00000000 00:00 0 
6ef80000-6f000000 rw-p 00000000 00:00 0 
6f000000-6f021000 rw-p 00000000 00:00 0 
6f021000-6f100000 ---p 00000000 00:00 0 
6f100000-6f102000 r--s 0003c000 09:01 138977     /home/kruno2/jmonkeyplatform/jmonkeyplatform/libs/vecmath.jar
6f102000-6f103000 r--s 00009000 09:01 138777     /home/kruno2/jmonkeyplatform/jmonkeyplatform/libs/j-ogg-vorbisd.jar
6f103000-6f105000 r--s 00005000 09:01 138894     /home/kruno2/jmonkeyplatform/jmonkeyplatform/libs/j-ogg-oggd.jar
6f105000-6f108000 r--s 0001c000 09:01 138683     /home/kruno2/jmonkeyplatform/jmonkeyplatform/libs/jME3-networking.jar
6f108000-6f109000 ---p 00000000 00:00 0 
6f109000-6f19f000 rw-p 00000000 00:00 0 
6f19f000-6f2df000 rw-p 00000000 00:00 0 
6f2df000-6f2e7000 rw-p 00000000 00:00 0 
6f2e7000-6f2ff000 rw-p 00000000 00:00 0 
6f2ff000-6f315000 rw-p 00000000 00:00 0 
6f315000-6f454000 rw-p 00000000 00:00 0 
6f454000-6f45f000 rw-p 00000000 00:00 0 
6f45f000-6f4ff000 rw-p 00000000 00:00 0 
6f4ff000-70500000 rw-p 00000000 00:00 0 
70500000-73500000 rw-p 00000000 00:00 0 
73500000-75f80000 rw-p 00000000 00:00 0 
75f80000-9df80000 rw-p 00000000 00:00 0 
9df80000-9f500000 rw-p 00000000 00:00 0 
9f500000-b3500000 rw-p 00000000 00:00 0 
b3500000-b3503000 r--s 0007f000 09:01 138816     /home/kruno2/jmonkeyplatform/jmonkeyplatform/libs/jME3-effects.jar
b3503000-b350c000 rw-p 00000000 00:00 0 
b350c000-b35c3000 rw-p 00000000 00:00 0 
b35c3000-b3803000 rwxp 00000000 00:00 0 
b3803000-b65c3000 rw-p 00000000 00:00 0 
b65c3000-b65cb000 rw-s 00000000 09:01 4718625    /tmp/hsperfdata_kruno2/13093
b65cb000-b6600000 r--s 00000000 09:01 3157736    /var/cache/nscd/passwd
b6600000-b66f2000 rw-p 00000000 00:00 0 
b66f2000-b6700000 ---p 00000000 00:00 0 
b6700000-b6701000 r--s 0000b000 09:01 138860     /home/kruno2/jmonkeyplatform/jmonkeyplatform/libs/stack-alloc.jar
b6701000-b6702000 r--s 00002000 09:01 138925     /home/kruno2/jmonkeyplatform/jmonkeyplatform/libs/jME3-jogg.jar
b6702000-b6703000 r--s 00010000 09:01 138818     /home/kruno2/jmonkeyplatform/jmonkeyplatform/libs/jME3-plugins.jar
b6703000-b6780000 rw-p 00000000 00:00 0 
b6780000-b6798000 rw-p 00000000 00:00 0 
b6798000-b67af000 r-xp 00000000 09:01 139765     /home/kruno2/jmonkeyplatform/jdk/jre/lib/i386/libzip.so
b67af000-b67b0000 rw-p 00017000 09:01 139765     /home/kruno2/jmonkeyplatform/jdk/jre/lib/i386/libzip.so
b67b0000-b67d3000 r-xp 00000000 09:01 139717     /home/kruno2/jmonkeyplatform/jdk/jre/lib/i386/libjava.so
b67d3000-b67d4000 rw-p 00022000 09:01 139717     /home/kruno2/jmonkeyplatform/jdk/jre/lib/i386/libjava.so
b67d4000-b67db000 r-xp 00000000 09:01 3408054    /lib/i386-linux-gnu/librt-2.15.so
b67db000-b67dc000 r--p 00006000 09:01 3408054    /lib/i386-linux-gnu/librt-2.15.so
b67dc000-b67dd000 rw-p 00007000 09:01 3408054    /lib/i386-linux-gnu/librt-2.15.so
b67dd000-b67e0000 ---p 00000000 00:00 0 
b67e0000-b682e000 rw-p 00000000 00:00 0 
b682e000-b6858000 r-xp 00000000 09:01 3408072    /lib/i386-linux-gnu/libm-2.15.so
b6858000-b6859000 r--p 00029000 09:01 3408072    /lib/i386-linux-gnu/libm-2.15.so
b6859000-b685a000 rw-p 0002a000 09:01 3408072    /lib/i386-linux-gnu/libm-2.15.so
b685a000-b70d1000 r-xp 00000000 09:01 139738     /home/kruno2/jmonkeyplatform/jdk/jre/lib/i386/server/libjvm.so
b70d1000-b7135000 rw-p 00877000 09:01 139738     /home/kruno2/jmonkeyplatform/jdk/jre/lib/i386/server/libjvm.so
b7135000-b7559000 rw-p 00000000 00:00 0 
b7559000-b76fc000 r-xp 00000000 09:01 3411540    /lib/i386-linux-gnu/libc-2.15.so
b76fc000-b76fe000 r--p 001a3000 09:01 3411540    /lib/i386-linux-gnu/libc-2.15.so
b76fe000-b76ff000 rw-p 001a5000 09:01 3411540    /lib/i386-linux-gnu/libc-2.15.so
b76ff000-b7702000 rw-p 00000000 00:00 0 
b7702000-b7705000 r-xp 00000000 09:01 3408075    /lib/i386-linux-gnu/libdl-2.15.so
b7705000-b7706000 r--p 00002000 09:01 3408075    /lib/i386-linux-gnu/libdl-2.15.so
b7706000-b7707000 rw-p 00003000 09:01 3408075    /lib/i386-linux-gnu/libdl-2.15.so
b7707000-b771a000 r-xp 00000000 09:01 140166     /home/kruno2/jmonkeyplatform/jdk/lib/i386/jli/libjli.so
b771a000-b771b000 rw-p 00012000 09:01 140166     /home/kruno2/jmonkeyplatform/jdk/lib/i386/jli/libjli.so
b771b000-b771c000 rw-p 00000000 00:00 0 
b771c000-b7733000 r-xp 00000000 09:01 3407921    /lib/i386-linux-gnu/libpthread-2.15.so
b7733000-b7734000 r--p 00016000 09:01 3407921    /lib/i386-linux-gnu/libpthread-2.15.so
b7734000-b7735000 rw-p 00017000 09:01 3407921    /lib/i386-linux-gnu/libpthread-2.15.so
b7735000-b7737000 rw-p 00000000 00:00 0 
b7737000-b773a000 r--s 00035000 09:01 138814     /home/kruno2/jmonkeyplatform/jmonkeyplatform/libs/jME3-desktop.jar
b773a000-b773b000 rw-p 00000000 00:00 0 
b773b000-b773c000 r--p 00000000 00:00 0 
b773c000-b7747000 r-xp 00000000 09:01 139736     /home/kruno2/jmonkeyplatform/jdk/jre/lib/i386/libverify.so
b7747000-b7748000 rw-p 0000b000 09:01 139736     /home/kruno2/jmonkeyplatform/jdk/jre/lib/i386/libverify.so
b7748000-b774a000 rw-p 00000000 00:00 0 
b774a000-b774b000 r-xp 00000000 00:00 0          [vdso]
b774b000-b776b000 r-xp 00000000 09:01 3408058    /lib/i386-linux-gnu/ld-2.15.so
b776b000-b776c000 r--p 0001f000 09:01 3408058    /lib/i386-linux-gnu/ld-2.15.so
b776c000-b776d000 rw-p 00020000 09:01 3408058    /lib/i386-linux-gnu/ld-2.15.so
bfc99000-bfcba000 rw-p 00000000 00:00 0          [stack]

VM Arguments:
jvm_args: -Dfile.encoding=UTF-8 
java_command: mygame.Main
Launcher Type: SUN_STANDARD

Environment Variables:
JAVA_HOME=/usr/lib/jvm/java-7-sun
PATH=/usr/lib/lightdm/lightdm:/usr/local/sbin:/usr/local/bin:/usr/sbin:/usr/bin:/sbin:/bin:/usr/games
LD_LIBRARY_PATH=/home/kruno2/jmonkeyplatform/bin/../jdk/jre/lib/amd64:/home/kruno2/jmonkeyplatform/bin/../jdk/jre/lib/i386:
SHELL=/bin/bash
DISPLAY=:0.0

Signal Handlers:
SIGSEGV: [libjvm.so+0x7dd5e0], sa_mask[0]=0x7ffbfeff, sa_flags=0x10000004
SIGBUS: [libjvm.so+0x7dd5e0], sa_mask[0]=0x7ffbfeff, sa_flags=0x10000004
SIGFPE: [libjvm.so+0x678d60], sa_mask[0]=0x7ffbfeff, sa_flags=0x10000004
SIGPIPE: SIG_IGN, sa_mask[0]=0x00001000, sa_flags=0x10000000
SIGXFSZ: [libjvm.so+0x678d60], sa_mask[0]=0x7ffbfeff, sa_flags=0x10000004
SIGILL: [libjvm.so+0x678d60], sa_mask[0]=0x7ffbfeff, sa_flags=0x10000004
SIGUSR1: SIG_DFL, sa_mask[0]=0x00000000, sa_flags=0x00000000
SIGUSR2: [libjvm.so+0x67a250], sa_mask[0]=0x00000004, sa_flags=0x10000004
SIGHUP: [libjvm.so+0x67b3a0], sa_mask[0]=0x7ffbfeff, sa_flags=0x10000004
SIGINT: SIG_IGN, sa_mask[0]=0x00000000, sa_flags=0x00000000
SIGTERM: [libjvm.so+0x67b3a0], sa_mask[0]=0x7ffbfeff, sa_flags=0x10000004
SIGQUIT: [libjvm.so+0x67b3a0], sa_mask[0]=0x7ffbfeff, sa_flags=0x10000004


---------------  S Y S T E M  ---------------

OS:wheezy/sid

uname:Linux 3.2.0-97-generic-pae #137-Ubuntu SMP Thu Dec 17 21:37:53 UTC 2015 i686
libc:glibc 2.15 NPTL 2.15 
rlimit: STACK 8192k, CORE 0k, NPROC 64446, NOFILE 4096, AS infinity
load average:2.42 1.10 0.53

/proc/meminfo:
MemTotal:        8269512 kB
MemFree:         6275320 kB
Buffers:          151536 kB
Cached:           932792 kB
SwapCached:            0 kB
Active:          1158836 kB
Inactive:         714820 kB
Active(anon):     792268 kB
Inactive(anon):    12204 kB
Active(file):     366568 kB
Inactive(file):   702616 kB
Unevictable:           0 kB
Mlocked:               0 kB
HighTotal:       7474888 kB
HighFree:        5740624 kB
LowTotal:         794624 kB
LowFree:          534696 kB
SwapTotal:       8820660 kB
SwapFree:        8820660 kB
Dirty:               132 kB
Writeback:             0 kB
AnonPages:        789468 kB
Mapped:           156000 kB
Shmem:             15152 kB
Slab:              83372 kB
SReclaimable:      68624 kB
SUnreclaim:        14748 kB
KernelStack:        3632 kB
PageTables:         9216 kB
NFS_Unstable:          0 kB
Bounce:                0 kB
WritebackTmp:          0 kB
CommitLimit:    12955416 kB
Committed_AS:    3178444 kB
VmallocTotal:     122880 kB
VmallocUsed:       10524 kB
VmallocChunk:     110084 kB
HardwareCorrupted:     0 kB
AnonHugePages:         0 kB
HugePages_Total:       0
HugePages_Free:        0
HugePages_Rsvd:        0
HugePages_Surp:        0
Hugepagesize:       2048 kB
DirectMap4k:        8184 kB
DirectMap2M:      905216 kB


CPU:total 2 (2 cores per cpu, 1 threads per core) family 6 model 23 stepping 6, cmov, cx8, fxsr, mmx, sse, sse2, sse3, ssse3, sse4.1, tsc

/proc/cpuinfo:
processor	: 0
vendor_id	: GenuineIntel
cpu family	: 6
model		: 23
model name	: Intel(R) Core(TM)2 Duo CPU     E8200  @ 2.66GHz
stepping	: 6
microcode	: 0x60c
cpu MHz		: 2670.000
cache size	: 6144 KB
physical id	: 0
siblings	: 2
core id		: 0
cpu cores	: 2
apicid		: 0
initial apicid	: 0
fdiv_bug	: no
hlt_bug		: no
f00f_bug	: no
coma_bug	: no
fpu		: yes
fpu_exception	: yes
cpuid level	: 10
wp		: yes
flags		: fpu vme de pse tsc msr pae mce cx8 apic sep mtrr pge mca cmov pat pse36 clflush dts acpi mmx fxsr sse sse2 ss ht tm pbe nx lm constant_tsc arch_perfmon pebs bts aperfmperf pni dtes64 monitor ds_cpl vmx smx est tm2 ssse3 cx16 xtpr pdcm sse4_1 lahf_lm dtherm tpr_shadow vnmi flexpriority
bogomips	: 5342.86
clflush size	: 64
cache_alignment	: 64
address sizes	: 36 bits physical, 48 bits virtual
power management:

processor	: 1
vendor_id	: GenuineIntel
cpu family	: 6
model		: 23
model name	: Intel(R) Core(TM)2 Duo CPU     E8200  @ 2.66GHz
stepping	: 6
microcode	: 0x60c
cpu MHz		: 2670.000
cache size	: 6144 KB
physical id	: 0
siblings	: 2
core id		: 1
cpu cores	: 2
apicid		: 1
initial apicid	: 1
fdiv_bug	: no
hlt_bug		: no
f00f_bug	: no
coma_bug	: no
fpu		: yes
fpu_exception	: yes
cpuid level	: 10
wp		: yes
flags		: fpu vme de pse tsc msr pae mce cx8 apic sep mtrr pge mca cmov pat pse36 clflush dts acpi mmx fxsr sse sse2 ss ht tm pbe nx lm constant_tsc arch_perfmon pebs bts aperfmperf pni dtes64 monitor ds_cpl vmx smx est tm2 ssse3 cx16 xtpr pdcm sse4_1 lahf_lm dtherm tpr_shadow vnmi flexpriority
bogomips	: 5343.26
clflush size	: 64
cache_alignment	: 64
address sizes	: 36 bits physical, 48 bits virtual
power management:



Memory: 4k page, physical 8269512k(6275320k free), swap 8820660k(8820660k free)

vm_info: Java HotSpot(TM) Server VM (24.51-b03) for linux-x86 JRE (1.7.0_51-b13), built on Dec 18 2013 18:45:30 by "java_re" with gcc 4.3.0 20080428 (Red Hat 4.3.0-8)

time: Fri Jan  1 20:22:50 2016
elapsed time: 2 seconds

