#
# A fatal error has been detected by the Java Runtime Environment:
#
#  SIGSEGV (0xb) at pc=0x661c9ac2, pid=3473, tid=1723333440
#
# JRE version: Java(TM) SE Runtime Environment (7.0_51-b13) (build 1.7.0_51-b13)
# Java VM: Java HotSpot(TM) Server VM (24.51-b03 mixed mode linux-x86 )
# Problematic frame:
# C  [libopenal.so+0x1bac2]  alcCreateContext+0xd2
#
# Failed to write core dump. Core dumps have been disabled. To enable core dumping, try "ulimit -c unlimited" before starting Java again
#
# If you would like to submit a bug report, please visit:
#   http://bugreport.sun.com/bugreport/crash.jsp
# The crash happened outside the Java Virtual Machine in native code.
# See problematic frame for where to report the bug.
#

---------------  T H R E A D  ---------------

Current thread (0x65e33800):  JavaThread "jME3 Audio Thread" daemon [_thread_in_native, id=3504, stack(0x66b2f000,0x66b80000)]

siginfo:si_signo=SIGSEGV: si_errno=0, si_code=2 (SEGV_ACCERR), si_addr=0x69af3004

Registers:
EAX=0x69af3004, EBX=0x661fdff4, ECX=0x000000ff, EDX=0x00000001
ESP=0x66b7eb90, EBP=0x69af2ffc, ESI=0x68d41ae0, EDI=0x00000001
EIP=0x661c9ac2, EFLAGS=0x00010293, CR2=0x69af3004

Top of Stack: (sp=0x66b7eb90)
0x66b7eb90:   09daf2d4 09daf2c4 09daf2c4 fffffffe
0x66b7eba0:   00000000 00000000 00000000 b36bdb59
0x66b7ebb0:   00000008 b70f3b68 6efc8a50 00000004
0x66b7ebc0:   00000000 7004b98d 00014cd7 00000000
0x66b7ebd0:   0000000d 09daf2b4 66b7ec9c b36c8314
0x66b7ebe0:   b6b2688e 000000ff b6fcacb6 66b7ebfc
0x66b7ebf0:   b718ac18 66b7ef30 65e1db88 66b7ec3c
0x66b7ec00:   b6d422ee 66b7ec28 00000004 0000ac44 

Instructions: (pc=0x661c9ac2)
0x661c9aa2:   8d b6 00 00 00 00 8b 55 00 81 fa 11 10 00 00 74
0x661c9ab2:   3b 81 fa 03 00 02 00 75 07 8b 50 fc 89 54 24 78
0x661c9ac2:   8b 10 89 c5 83 c0 08 85 d2 74 3a 81 fa 07 10 00
0x661c9ad2:   00 75 d3 8b 50 fc 89 54 24 7c 83 8e cc 00 00 00 

Register to memory mapping:

EAX=0x69af3004 is an unknown value
EBX=0x661fdff4: <offset 0x4fff4> in /home/kruno2/jMonkeyGames/Tower Defense/libopenal.so at 0x661ae000
ECX=0x000000ff is an unknown value
EDX=0x00000001 is an unknown value
ESP=0x66b7eb90 is pointing into the stack for thread: 0x65e33800
EBP=0x69af2ffc is an unknown value
ESI=0x68d41ae0 is an unknown value
EDI=0x00000001 is an unknown value


Stack: [0x66b2f000,0x66b80000],  sp=0x66b7eb90,  free space=318k
Native frames: (J=compiled Java code, j=interpreted, Vv=VM code, C=native code)
C  [libopenal.so+0x1bac2]  alcCreateContext+0xd2

Java frames: (J=compiled Java code, j=interpreted, Vv=VM code)
j  org.lwjgl.openal.ALC10.nalcCreateContext(JJ)J+0
j  org.lwjgl.openal.ALC10.alcCreateContext(Lorg/lwjgl/openal/ALCdevice;Ljava/nio/IntBuffer;)Lorg/lwjgl/openal/ALCcontext;+8
j  org.lwjgl.openal.AL.init(Ljava/lang/String;IIZZ)V+69
j  org.lwjgl.openal.AL.create(Ljava/lang/String;IIZZ)V+227
j  org.lwjgl.openal.AL.create(Ljava/lang/String;IIZ)V+5
j  org.lwjgl.openal.AL.create()V+6
j  com.jme3.audio.lwjgl.LwjglAudioRenderer.initInThread()V+6
j  com.jme3.audio.lwjgl.LwjglAudioRenderer.run()V+1
j  java.lang.Thread.run()V+11
v  ~StubRoutines::call_stub

---------------  P R O C E S S  ---------------

Java Threads: ( => current thread )
=>0x65e33800 JavaThread "jME3 Audio Thread" daemon [_thread_in_native, id=3504, stack(0x66b2f000,0x66b80000)]
  0x69c91400 JavaThread "process reaper" daemon [_thread_blocked, id=3501, stack(0x68c3a000,0x68c53000)]
  0xb6708000 JavaThread "DestroyJavaVM" [_thread_blocked, id=3478, stack(0xb684b000,0xb689c000)]
  0x69ade400 JavaThread "LWJGL Renderer Thread" [_thread_blocked, id=3499, stack(0x68caf000,0x68d00000)]
  0x69a56800 JavaThread "Image Fetcher 0" daemon [_thread_blocked, id=3497, stack(0x69051000,0x690a2000)]
  0x6bb08400 JavaThread "Timer-0" daemon [_thread_blocked, id=3493, stack(0x6baaf000,0x6bb00000)]
  0x6bb00c00 JavaThread "AWT-EventQueue-0" [_thread_blocked, id=3492, stack(0x6bc03000,0x6bc54000)]
  0x6bb00400 JavaThread "AWT-Shutdown" [_thread_blocked, id=3491, stack(0x6bc54000,0x6bca5000)]
  0x6c4fd800 JavaThread "AWT-XAWT" daemon [_thread_in_native, id=3490, stack(0x6bca5000,0x6bcf6000)]
  0x6c4eb000 JavaThread "Java2D Disposer" daemon [_thread_blocked, id=3489, stack(0x6bd07000,0x6bd58000)]
  0x6c42a000 JavaThread "Service Thread" daemon [_thread_blocked, id=3487, stack(0x6c05c000,0x6c0ad000)]
  0x6c428000 JavaThread "C2 CompilerThread1" daemon [_thread_blocked, id=3486, stack(0x6c0ad000,0x6c12e000)]
  0x6c426000 JavaThread "C2 CompilerThread0" daemon [_thread_blocked, id=3485, stack(0x6c12e000,0x6c1af000)]
  0x6c424800 JavaThread "Signal Dispatcher" daemon [_thread_blocked, id=3484, stack(0x6c1af000,0x6c200000)]
  0x6c414c00 JavaThread "Finalizer" daemon [_thread_blocked, id=3483, stack(0x6ef03000,0x6ef54000)]
  0x6c412400 JavaThread "Reference Handler" daemon [_thread_blocked, id=3482, stack(0x6ef54000,0x6efa5000)]

Other Threads:
  0x6c410c00 VMThread [stack: 0x6c537000,0x6c5b8000] [id=3481]
  0x6c42bc00 WatcherThread [stack: 0x6bfdb000,0x6c05c000] [id=3488]

VM state:not at safepoint (normal execution)

VM Mutex/Monitor currently owned by a thread: None

Heap
 PSYoungGen      total 19456K, used 6194K [0x9e040000, 0x9f5c0000, 0xb35c0000)
  eden space 16896K, 21% used [0x9e040000,0x9e3cf570,0x9f0c0000)
  from space 2560K, 99% used [0x9f0c0000,0x9f33d3d0,0x9f340000)
  to   space 2560K, 0% used [0x9f340000,0x9f340000,0x9f5c0000)
 ParOldGen       total 43520K, used 3499K [0x735c0000, 0x76040000, 0x9e040000)
  object space 43520K, 8% used [0x735c0000,0x7392ac98,0x76040000)
 PSPermGen       total 16384K, used 12234K [0x6f5c0000, 0x705c0000, 0x735c0000)
  object space 16384K, 74% used [0x6f5c0000,0x701b2bc8,0x705c0000)

Card table byte_map: [0x6f39f000,0x6f5c0000] byte_map_base: 0x6f024200

Polling page: 0xb77a9000

Code Cache  [0xb36b5000, 0xb38f5000, 0xb66b5000)
 total_blobs=362 nmethods=72 adapters=244 free_code_cache=48672Kb largest_free_block=49816448

Compilation events (10 events):
Event: 2.219 Thread 0x6c428000 nmethod 68 0xb372a808 code [0xb372a900, 0xb372a970]
Event: 2.225 Thread 0x6c426000 nmethod 65 0xb3729cc8 code [0xb3729e40, 0xb372a318]
Event: 2.313 Thread 0x6c428000   69             sun.nio.cs.UTF_8$Decoder::decodeArrayLoop (543 bytes)
Event: 2.321 Thread 0x6c426000   70             java.util.regex.Matcher::reset (83 bytes)
Event: 2.323 Thread 0x6c426000 nmethod 70 0xb372c988 code [0xb372ca80, 0xb372cbb0]
Event: 2.339 Thread 0x6c428000 nmethod 69 0xb372f988 code [0xb372fba0, 0xb37306dc]
Event: 2.355 Thread 0x6c426000   71             java.lang.String::startsWith (7 bytes)
Event: 2.357 Thread 0x6c426000 nmethod 71 0xb372dd88 code [0xb372de80, 0xb372dff0]
Event: 2.362 Thread 0x6c426000   72             sun.misc.MetaIndex::mayContain (51 bytes)
Event: 2.367 Thread 0x6c426000 nmethod 72 0xb372d7c8 code [0xb372d8e0, 0xb372db5c]

GC Heap History (2 events):
Event: 2.273 GC heap before
{Heap before GC invocations=1 (full 0):
 PSYoungGen      total 19456K, used 16896K [0x9e040000, 0x9f5c0000, 0xb35c0000)
  eden space 16896K, 100% used [0x9e040000,0x9f0c0000,0x9f0c0000)
  from space 2560K, 0% used [0x9f340000,0x9f340000,0x9f5c0000)
  to   space 2560K, 0% used [0x9f0c0000,0x9f0c0000,0x9f340000)
 ParOldGen       total 43520K, used 0K [0x735c0000, 0x76040000, 0x9e040000)
  object space 43520K, 0% used [0x735c0000,0x735c0000,0x76040000)
 PSPermGen       total 16384K, used 11677K [0x6f5c0000, 0x705c0000, 0x735c0000)
  object space 16384K, 71% used [0x6f5c0000,0x701276e0,0x705c0000)
Event: 2.285 GC heap after
Heap after GC invocations=1 (full 0):
 PSYoungGen      total 19456K, used 2548K [0x9e040000, 0x9f5c0000, 0xb35c0000)
  eden space 16896K, 0% used [0x9e040000,0x9e040000,0x9f0c0000)
  from space 2560K, 99% used [0x9f0c0000,0x9f33d3d0,0x9f340000)
  to   space 2560K, 0% used [0x9f340000,0x9f340000,0x9f5c0000)
 ParOldGen       total 43520K, used 3499K [0x735c0000, 0x76040000, 0x9e040000)
  object space 43520K, 8% used [0x735c0000,0x7392ac98,0x76040000)
 PSPermGen       total 16384K, used 11677K [0x6f5c0000, 0x705c0000, 0x735c0000)
  object space 16384K, 71% used [0x6f5c0000,0x701276e0,0x705c0000)
}

Deoptimization events (9 events):
Event: 0.745 Thread 0x6bb00c00 Uncommon trap: reason=class_check action=maybe_recompile pc=0xb370c40c method=java.lang.String.equals(Ljava/lang/Object;)Z @ 8
Event: 0.745 Thread 0x6bb00c00 Uncommon trap: reason=class_check action=maybe_recompile pc=0xb370c40c method=java.lang.String.equals(Ljava/lang/Object;)Z @ 8
Event: 0.745 Thread 0x6bb00c00 Uncommon trap: reason=class_check action=maybe_recompile pc=0xb370c40c method=java.lang.String.equals(Ljava/lang/Object;)Z @ 8
Event: 0.745 Thread 0x6bb00c00 Uncommon trap: reason=class_check action=maybe_recompile pc=0xb370c40c method=java.lang.String.equals(Ljava/lang/Object;)Z @ 8
Event: 1.514 Thread 0x6bb00c00 Uncommon trap: reason=class_check action=maybe_recompile pc=0xb3711e3c method=java.util.Properties$LineReader.readLine()I @ 62
Event: 1.514 Thread 0x6bb00c00 Uncommon trap: reason=class_check action=maybe_recompile pc=0xb3711e3c method=java.util.Properties$LineReader.readLine()I @ 62
Event: 1.516 Thread 0x6bb00c00 Uncommon trap: reason=class_check action=maybe_recompile pc=0xb3711e3c method=java.util.Properties$LineReader.readLine()I @ 62
Event: 1.516 Thread 0x6bb00c00 Uncommon trap: reason=class_check action=maybe_recompile pc=0xb3711e3c method=java.util.Properties$LineReader.readLine()I @ 62
Event: 1.624 Thread 0x6c4fd800 Uncommon trap: reason=unreached action=reinterpret pc=0xb3715d04 method=java.util.TreeMap.getEntry(Ljava/lang/Object;)Ljava/util/TreeMap$Entry; @ 4

Internal exceptions (10 events):
Event: 2.366 Thread 0x65e33800 Threw 0x9e3a74c8 at /HUDSON/workspace/7u-2-build-linux-i586/jdk7u51/527/hotspot/src/share/vm/prims/jni.cpp:743
Event: 2.366 Thread 0x65e33800 Threw 0x9e3a7938 at /HUDSON/workspace/7u-2-build-linux-i586/jdk7u51/527/hotspot/src/share/vm/prims/jni.cpp:743
Event: 2.366 Thread 0x65e33800 Threw 0x9e3a7d00 at /HUDSON/workspace/7u-2-build-linux-i586/jdk7u51/527/hotspot/src/share/vm/prims/jni.cpp:743
Event: 2.366 Thread 0x65e33800 Threw 0x9e3a8160 at /HUDSON/workspace/7u-2-build-linux-i586/jdk7u51/527/hotspot/src/share/vm/prims/jni.cpp:743
Event: 2.366 Thread 0x65e33800 Threw 0x9e3a8620 at /HUDSON/workspace/7u-2-build-linux-i586/jdk7u51/527/hotspot/src/share/vm/prims/jni.cpp:743
Event: 2.367 Thread 0x65e33800 Threw 0x9e3a8d40 at /HUDSON/workspace/7u-2-build-linux-i586/jdk7u51/527/hotspot/src/share/vm/prims/jvm.cpp:1244
Event: 2.368 Thread 0x65e33800 Threw 0x9e3b3500 at /HUDSON/workspace/7u-2-build-linux-i586/jdk7u51/527/hotspot/src/share/vm/prims/jvm.cpp:1244
Event: 2.374 Thread 0x65e33800 Threw 0x9e3b7df0 at /HUDSON/workspace/7u-2-build-linux-i586/jdk7u51/527/hotspot/src/share/vm/prims/jvm.cpp:1244
Event: 2.375 Thread 0x65e33800 Threw 0x9e3bcb80 at /HUDSON/workspace/7u-2-build-linux-i586/jdk7u51/527/hotspot/src/share/vm/prims/jvm.cpp:1244
Event: 2.375 Thread 0x65e33800 Threw 0x9e3bfa80 at /HUDSON/workspace/7u-2-build-linux-i586/jdk7u51/527/hotspot/src/share/vm/prims/jvm.cpp:1244

Events (10 events):
Event: 2.367 loading class 0x65e159c8
Event: 2.367 loading class 0x65e159c8 done
Event: 2.368 loading class 0x65e15a18
Event: 2.368 loading class 0x65e15a18 done
Event: 2.374 loading class 0x69aeada8
Event: 2.374 loading class 0x69aeada8 done
Event: 2.375 loading class 0x69aebaa0
Event: 2.375 loading class 0x69aebaa0 done
Event: 2.375 loading class 0x69aeadd8
Event: 2.375 loading class 0x69aeadd8 done


Dynamic libraries:
08048000-08049000 r-xp 00000000 09:01 140091     /home/kruno2/jmonkeyplatform/jdk/bin/java
08049000-0804a000 rw-p 00000000 09:01 140091     /home/kruno2/jmonkeyplatform/jdk/bin/java
09d0a000-09ee5000 rw-p 00000000 00:00 0          [heap]
613ae000-653af000 rw-s 00000000 00:12 209191     /run/shm/pulse-shm-1424408988
653af000-653b0000 ---p 00000000 00:00 0 
653b0000-65bb0000 rw-p 00000000 00:00 0 
65bb0000-65d16000 r-xp 00000000 09:01 797242     /usr/lib/i386-linux-gnu/libvorbisenc.so.2.0.8
65d16000-65d27000 r--p 00165000 09:01 797242     /usr/lib/i386-linux-gnu/libvorbisenc.so.2.0.8
65d27000-65d28000 rw-p 00176000 09:01 797242     /usr/lib/i386-linux-gnu/libvorbisenc.so.2.0.8
65d28000-65d94000 r-xp 00000000 09:01 789565     /usr/lib/i386-linux-gnu/libsndfile.so.1.0.25
65d94000-65d96000 r--p 0006b000 09:01 789565     /usr/lib/i386-linux-gnu/libsndfile.so.1.0.25
65d96000-65d97000 rw-p 0006d000 09:01 789565     /usr/lib/i386-linux-gnu/libsndfile.so.1.0.25
65d97000-65d9b000 rw-p 00000000 00:00 0 
65d9b000-65dfe000 r-xp 00000000 09:01 797605     /usr/lib/i386-linux-gnu/libpulsecommon-1.1.so
65dfe000-65dff000 r--p 00062000 09:01 797605     /usr/lib/i386-linux-gnu/libpulsecommon-1.1.so
65dff000-65e00000 rw-p 00063000 09:01 797605     /usr/lib/i386-linux-gnu/libpulsecommon-1.1.so
65e00000-65ef5000 rw-p 00000000 00:00 0 
65ef5000-65f00000 ---p 00000000 00:00 0 
65f00000-66000000 rw-s 10b7db000 00:05 1016      /dev/dri/card0
66000000-660f6000 rw-p 00000000 00:00 0 
660f6000-66100000 ---p 00000000 00:00 0 
66112000-6615e000 r-xp 00000000 09:01 790734     /usr/lib/i386-linux-gnu/libFLAC.so.8.2.0
6615e000-6615f000 r--p 0004b000 09:01 790734     /usr/lib/i386-linux-gnu/libFLAC.so.8.2.0
6615f000-66160000 rw-p 0004c000 09:01 790734     /usr/lib/i386-linux-gnu/libFLAC.so.8.2.0
66160000-661ac000 r-xp 00000000 09:01 797604     /usr/lib/i386-linux-gnu/libpulse.so.0.13.5
661ac000-661ad000 r--p 0004b000 09:01 797604     /usr/lib/i386-linux-gnu/libpulse.so.0.13.5
661ad000-661ae000 rw-p 0004c000 09:01 797604     /usr/lib/i386-linux-gnu/libpulse.so.0.13.5
661ae000-661fc000 r-xp 00000000 09:01 925194     /home/kruno2/jMonkeyGames/Tower Defense/libopenal.so
661fc000-661fe000 r--p 0004d000 09:01 925194     /home/kruno2/jMonkeyGames/Tower Defense/libopenal.so
661fe000-661ff000 rw-p 0004f000 09:01 925194     /home/kruno2/jMonkeyGames/Tower Defense/libopenal.so
661ff000-66200000 ---p 00000000 00:00 0 
66200000-66a00000 rw-p 00000000 00:00 0 
66a00000-66b00000 rw-p 00000000 00:00 0 
66b2f000-66b32000 ---p 00000000 00:00 0 
66b32000-66b80000 rw-p 00000000 00:00 0 
66b80000-66c00000 rwxp 00000000 00:00 0 
66c00000-66d00000 rw-p 00000000 00:00 0 
66d43000-66e1b000 r-xp 00000000 09:01 791525     /usr/lib/i386-linux-gnu/libstdc++.so.6.0.16
66e1b000-66e1c000 ---p 000d8000 09:01 791525     /usr/lib/i386-linux-gnu/libstdc++.so.6.0.16
66e1c000-66e20000 r--p 000d8000 09:01 791525     /usr/lib/i386-linux-gnu/libstdc++.so.6.0.16
66e20000-66e21000 rw-p 000dc000 09:01 791525     /usr/lib/i386-linux-gnu/libstdc++.so.6.0.16
66e21000-66e28000 rw-p 00000000 00:00 0 
66e28000-67fb1000 r-xp 00000000 09:01 797783     /usr/lib/i386-linux-gnu/libLLVM-3.0.so.1
67fb1000-680a3000 r--p 01188000 09:01 797783     /usr/lib/i386-linux-gnu/libLLVM-3.0.so.1
680a3000-68173000 rw-p 0127a000 09:01 797783     /usr/lib/i386-linux-gnu/libLLVM-3.0.so.1
68173000-6817f000 rw-p 00000000 00:00 0 
6817f000-6836c000 r-xp 00000000 09:01 925542     /usr/lib/i386-linux-gnu/dri/libgallium.so
6836c000-6836d000 ---p 001ed000 09:01 925542     /usr/lib/i386-linux-gnu/dri/libgallium.so
6836d000-68376000 r--p 001ed000 09:01 925542     /usr/lib/i386-linux-gnu/dri/libgallium.so
68376000-68377000 rw-p 001f6000 09:01 925542     /usr/lib/i386-linux-gnu/dri/libgallium.so
68377000-6853e000 rw-p 00000000 00:00 0 
6853e000-68653000 r-xp 00000000 09:01 925551     /usr/lib/i386-linux-gnu/dri/libglsl.so
68653000-68658000 r--p 00114000 09:01 925551     /usr/lib/i386-linux-gnu/dri/libglsl.so
68658000-6865a000 rw-p 00119000 09:01 925551     /usr/lib/i386-linux-gnu/dri/libglsl.so
6865a000-6865b000 rw-p 00000000 00:00 0 
6865b000-688b7000 r-xp 00000000 09:01 925547     /usr/lib/i386-linux-gnu/dri/libdricore.so
688b7000-688b8000 ---p 0025c000 09:01 925547     /usr/lib/i386-linux-gnu/dri/libdricore.so
688b8000-688be000 r--p 0025c000 09:01 925547     /usr/lib/i386-linux-gnu/dri/libdricore.so
688be000-688c0000 rw-p 00262000 09:01 925547     /usr/lib/i386-linux-gnu/dri/libdricore.so
688c0000-688d5000 rw-p 00000000 00:00 0 
688d5000-68a04000 r-xp 00000000 09:01 925549     /usr/lib/i386-linux-gnu/dri/r600_dri.so
68a04000-68a0c000 r--p 0012f000 09:01 925549     /usr/lib/i386-linux-gnu/dri/r600_dri.so
68a0c000-68a0f000 rw-p 00137000 09:01 925549     /usr/lib/i386-linux-gnu/dri/r600_dri.so
68a0f000-68b95000 rw-p 00000000 00:00 0 
68b95000-68ba0000 r-xp 00000000 09:01 788264     /usr/lib/i386-linux-gnu/libdrm.so.2.4.0
68ba0000-68ba1000 r--p 0000a000 09:01 788264     /usr/lib/i386-linux-gnu/libdrm.so.2.4.0
68ba1000-68ba2000 rw-p 0000b000 09:01 788264     /usr/lib/i386-linux-gnu/libdrm.so.2.4.0
68ba2000-68bb8000 r-xp 00000000 09:01 797324     /usr/lib/i386-linux-gnu/libxcb-glx.so.0.0.0
68bb8000-68bb9000 r--p 00016000 09:01 797324     /usr/lib/i386-linux-gnu/libxcb-glx.so.0.0.0
68bb9000-68bba000 rw-p 00017000 09:01 797324     /usr/lib/i386-linux-gnu/libxcb-glx.so.0.0.0
68bba000-68bc9000 r-xp 00000000 09:01 797319     /usr/lib/i386-linux-gnu/libglapi.so.0.0.0
68bc9000-68bcb000 r--p 0000f000 09:01 797319     /usr/lib/i386-linux-gnu/libglapi.so.0.0.0
68bcb000-68bd0000 rwxp 00011000 09:01 797319     /usr/lib/i386-linux-gnu/libglapi.so.0.0.0
68bd0000-68c22000 r-xp 00000000 09:01 1053785    /usr/lib/i386-linux-gnu/mesa/libGL.so.1.2
68c22000-68c24000 r--p 00051000 09:01 1053785    /usr/lib/i386-linux-gnu/mesa/libGL.so.1.2
68c24000-68c29000 rwxp 00053000 09:01 1053785    /usr/lib/i386-linux-gnu/mesa/libGL.so.1.2
68c3a000-68c3d000 ---p 00000000 00:00 0 
68c3d000-68c53000 rw-p 00000000 00:00 0 
68c53000-68cad000 r-xp 00000000 09:01 925193     /home/kruno2/jMonkeyGames/Tower Defense/liblwjgl.so
68cad000-68cae000 r--p 0005a000 09:01 925193     /home/kruno2/jMonkeyGames/Tower Defense/liblwjgl.so
68cae000-68caf000 rw-p 0005b000 09:01 925193     /home/kruno2/jMonkeyGames/Tower Defense/liblwjgl.so
68caf000-68cb2000 ---p 00000000 00:00 0 
68cb2000-68d00000 rw-p 00000000 00:00 0 
68d00000-68d62000 rw-p 00000000 00:00 0 
68d62000-68e00000 ---p 00000000 00:00 0 
68e02000-68e03000 rw-s 10b8dc000 00:05 1016      /dev/dri/card0
68e03000-68e04000 rw-s 10b8db000 00:05 1016      /dev/dri/card0
68e04000-68e05000 rw-s 10b73c000 00:05 1016      /dev/dri/card0
68e05000-68f89000 rw-s 00000000 00:04 1867782    /SYSV00000000 (deleted)
68f89000-68fe9000 rw-s 00000000 00:04 1835012    /SYSV00000000 (deleted)
68fe9000-69049000 r-xp 00000000 09:01 139725     /home/kruno2/jmonkeyplatform/jdk/jre/lib/i386/libt2k.so
69049000-6904d000 rw-p 0005f000 09:01 139725     /home/kruno2/jmonkeyplatform/jdk/jre/lib/i386/libt2k.so
6904d000-69051000 rw-p 00000000 00:00 0 
69051000-69054000 ---p 00000000 00:00 0 
69054000-690a2000 rw-p 00000000 00:00 0 
690a2000-690a3000 ---p 00000000 00:00 0 
690a3000-698a3000 rw-p 00000000 00:00 0 
698a3000-698bd000 r-xp 00000000 09:01 796441     /usr/lib/i386-linux-gnu/libdbusmenu-glib.so.4.0.13
698bd000-698be000 r--p 00019000 09:01 796441     /usr/lib/i386-linux-gnu/libdbusmenu-glib.so.4.0.13
698be000-698bf000 rw-p 0001a000 09:01 796441     /usr/lib/i386-linux-gnu/libdbusmenu-glib.so.4.0.13
698bf000-698d0000 r-xp 00000000 09:01 796604     /usr/lib/i386-linux-gnu/libdbusmenu-gtk.so.4.0.13
698d0000-698d1000 r--p 00010000 09:01 796604     /usr/lib/i386-linux-gnu/libdbusmenu-gtk.so.4.0.13
698d1000-698d2000 rw-p 00011000 09:01 796604     /usr/lib/i386-linux-gnu/libdbusmenu-gtk.so.4.0.13
698d2000-698e0000 r-xp 00000000 09:01 3408056    /lib/i386-linux-gnu/libudev.so.0.13.0
698e0000-698e1000 r--p 0000e000 09:01 3408056    /lib/i386-linux-gnu/libudev.so.0.13.0
698e1000-698e2000 rw-p 0000f000 09:01 3408056    /lib/i386-linux-gnu/libudev.so.0.13.0
698e2000-69929000 r-xp 00000000 09:01 3411545    /lib/i386-linux-gnu/libdbus-1.so.3.5.8
69929000-6992a000 ---p 00047000 09:01 3411545    /lib/i386-linux-gnu/libdbus-1.so.3.5.8
6992a000-6992b000 r--p 00047000 09:01 3411545    /lib/i386-linux-gnu/libdbus-1.so.3.5.8
6992b000-6992c000 rw-p 00048000 09:01 3411545    /lib/i386-linux-gnu/libdbus-1.so.3.5.8
6992c000-69930000 r-xp 00000000 09:01 797326     /usr/lib/i386-linux-gnu/libXxf86vm.so.1.0.0
69930000-69931000 r--p 00003000 09:01 797326     /usr/lib/i386-linux-gnu/libXxf86vm.so.1.0.0
69931000-69932000 rw-p 00004000 09:01 797326     /usr/lib/i386-linux-gnu/libXxf86vm.so.1.0.0
69932000-6993d000 r--s 0037c000 09:01 139205     /home/kruno2/jmonkeyplatform/jdk/jre/lib/charsets.jar
6993d000-69966000 r-xp 00000000 09:01 918265     /usr/lib/i386-linux-gnu/gio/modules/libgvfsdbus.so
69966000-69967000 r--p 00028000 09:01 918265     /usr/lib/i386-linux-gnu/gio/modules/libgvfsdbus.so
69967000-69968000 rw-p 00029000 09:01 918265     /usr/lib/i386-linux-gnu/gio/modules/libgvfsdbus.so
69968000-699ac000 r-xp 00000000 09:01 797781     /usr/lib/i386-linux-gnu/libibus-1.0.so.0.401.0
699ac000-699ad000 r--p 00043000 09:01 797781     /usr/lib/i386-linux-gnu/libibus-1.0.so.0.401.0
699ad000-699ae000 rw-p 00044000 09:01 797781     /usr/lib/i386-linux-gnu/libibus-1.0.so.0.401.0
699ae000-69a00000 r--p 00000000 09:01 1575311    /usr/share/fonts/truetype/ttf-dejavu/DejaVuSansMono.ttf
69a00000-69af3000 rw-p 00000000 00:00 0 
69af3000-69b00000 ---p 00000000 00:00 0 
69b00000-69b01000 rw-s 10b73b000 00:05 1016      /dev/dri/card0
69b01000-69b02000 rwxp 00000000 00:00 0 
69b02000-69b03000 r-xp 00000000 09:01 789576     /usr/lib/i386-linux-gnu/libX11-xcb.so.1.0.0
69b03000-69b04000 r--p 00000000 09:01 789576     /usr/lib/i386-linux-gnu/libX11-xcb.so.1.0.0
69b04000-69b05000 rw-p 00001000 09:01 789576     /usr/lib/i386-linux-gnu/libX11-xcb.so.1.0.0
69b05000-69b0a000 r-xp 00000000 09:01 1972676    /usr/lib/i386-linux-gnu/gtk-2.0/2.10.0/menuproxies/libappmenu.so
69b0a000-69b0b000 r--p 00004000 09:01 1972676    /usr/lib/i386-linux-gnu/gtk-2.0/2.10.0/menuproxies/libappmenu.so
69b0b000-69b0c000 rw-p 00005000 09:01 1972676    /usr/lib/i386-linux-gnu/gtk-2.0/2.10.0/menuproxies/libappmenu.so
69b0c000-69b21000 r-xp 00000000 09:01 918264     /usr/lib/i386-linux-gnu/gvfs/libgvfscommon.so
69b21000-69b22000 r--p 00014000 09:01 918264     /usr/lib/i386-linux-gnu/gvfs/libgvfscommon.so
69b22000-69b23000 rw-p 00015000 09:01 918264     /usr/lib/i386-linux-gnu/gvfs/libgvfscommon.so
69b23000-69b29000 r-xp 00000000 09:01 2109048    /usr/lib/i386-linux-gnu/gtk-2.0/2.10.0/immodules/im-ibus.so
69b29000-69b2a000 r--p 00005000 09:01 2109048    /usr/lib/i386-linux-gnu/gtk-2.0/2.10.0/immodules/im-ibus.so
69b2a000-69b2b000 rw-p 00006000 09:01 2109048    /usr/lib/i386-linux-gnu/gtk-2.0/2.10.0/immodules/im-ibus.so
69b2b000-69b82000 r--p 00000000 09:01 2109383    /usr/share/fonts/truetype/ubuntu-font-family/Ubuntu-R.ttf
69b82000-69b84000 r-xp 00000000 09:01 1972656    /usr/lib/i386-linux-gnu/pango/1.6.0/modules/pango-basic-fc.so
69b84000-69b85000 r--p 00001000 09:01 1972656    /usr/lib/i386-linux-gnu/pango/1.6.0/modules/pango-basic-fc.so
69b85000-69b86000 rw-p 00002000 09:01 1972656    /usr/lib/i386-linux-gnu/pango/1.6.0/modules/pango-basic-fc.so
69b86000-69b87000 r--s 00000000 09:01 3154384    /var/cache/fontconfig/c05880de57d1f5e948fdfacc138775d9-le32d4.cache-3
69b87000-69b8d000 r--s 00000000 09:01 3154383    /var/cache/fontconfig/945677eb7aeaf62f1d50efc3fb3ec7d8-le32d4.cache-3
69b8d000-69b8f000 r--s 00000000 09:01 3154375    /var/cache/fontconfig/99e8ed0e538f840c565b6ed5dad60d56-le32d4.cache-3
69b8f000-69b92000 r--s 00000000 09:01 3154374    /var/cache/fontconfig/2cd17615ca594fa2959ae173292e504c-le32d4.cache-3
69b92000-69b93000 r--s 00000000 09:01 3154372    /var/cache/fontconfig/e7071f4a29fa870f4323321c154eba04-le32d4.cache-3
69b93000-69b94000 r--s 00000000 09:01 3154371    /var/cache/fontconfig/0d8c3b2ac0904cb8a57a757ad11a4a08-le32d4.cache-3
69b94000-69b98000 r--s 00000000 09:01 3154370    /var/cache/fontconfig/a755afe4a08bf5b97852ceb7400b47bc-le32d4.cache-3
69b98000-69b9f000 r--s 00000000 09:01 3155517    /var/cache/fontconfig/6d41288fd70b0be22e8c3a91e032eec0-le32d4.cache-3
69b9f000-69baa000 r--s 00000000 09:01 3154365    /var/cache/fontconfig/04aabc0a78ac019cf9454389977116d2-le32d4.cache-3
69baa000-69bae000 r--s 00000000 09:01 3154350    /var/cache/fontconfig/b47c4e1ecd0709278f4910c18777a504-le32d4.cache-3
69bae000-69bbb000 r--s 00000000 09:01 3154348    /var/cache/fontconfig/d52a8644073d54c13679302ca1180695-le32d4.cache-3
69c00000-69cdd000 rw-p 00000000 00:00 0 
69cdd000-69d00000 ---p 00000000 00:00 0 
69d00000-69d01000 rw-s 10b4ca000 00:05 1016      /dev/dri/card0
69d01000-69d04000 r--s 00000000 09:01 3154363    /var/cache/fontconfig/385c0604a188198f04d133e54aba7fe7-le32d4.cache-3
69d04000-69d07000 r--s 00000000 09:01 3154358    /var/cache/fontconfig/8801497958630a81b71ace7c5f9b32a8-le32d4.cache-3
69d07000-69d0b000 r--s 00000000 09:01 3154357    /var/cache/fontconfig/3047814df9a2f067bd2d96a2b9c36e5a-le32d4.cache-3
69d26000-69d2b000 r-xp 00000000 09:01 797455     /usr/lib/i386-linux-gnu/libasyncns.so.0.3.1
69d2b000-69d2c000 r--p 00004000 09:01 797455     /usr/lib/i386-linux-gnu/libasyncns.so.0.3.1
69d2c000-69d2d000 rw-p 00005000 09:01 797455     /usr/lib/i386-linux-gnu/libasyncns.so.0.3.1
69d2d000-69d35000 r-xp 00000000 09:01 3408275    /lib/i386-linux-gnu/libwrap.so.0.7.6
69d35000-69d36000 r--p 00007000 09:01 3408275    /lib/i386-linux-gnu/libwrap.so.0.7.6
69d36000-69d37000 rw-p 00008000 09:01 3408275    /lib/i386-linux-gnu/libwrap.so.0.7.6
69d37000-69d3e000 r-xp 00000000 09:01 792565     /usr/lib/i386-linux-gnu/libjson.so.0.0.1
69d3e000-69d3f000 r--p 00006000 09:01 792565     /usr/lib/i386-linux-gnu/libjson.so.0.0.1
69d3f000-69d40000 rw-p 00007000 09:01 792565     /usr/lib/i386-linux-gnu/libjson.so.0.0.1
69d4a000-69d51000 r--s 00000000 09:01 805137     /usr/lib/i386-linux-gnu/gconv/gconv-modules.cache
69d51000-69d66000 r-xp 00000000 09:01 139759     /home/kruno2/jmonkeyplatform/jdk/jre/lib/i386/libnet.so
69d66000-69d67000 rw-p 00014000 09:01 139759     /home/kruno2/jmonkeyplatform/jdk/jre/lib/i386/libnet.so
69d67000-69d83000 r-xp 00000000 09:01 3407924    /lib/i386-linux-gnu/libgcc_s.so.1
69d83000-69d84000 r--p 0001b000 09:01 3407924    /lib/i386-linux-gnu/libgcc_s.so.1
69d84000-69d85000 rw-p 0001c000 09:01 3407924    /lib/i386-linux-gnu/libgcc_s.so.1
69d85000-69de6000 r-xp 00000000 09:01 139768     /home/kruno2/jmonkeyplatform/jdk/jre/lib/i386/libfontmanager.so
69de6000-69de9000 rw-p 00060000 09:01 139768     /home/kruno2/jmonkeyplatform/jdk/jre/lib/i386/libfontmanager.so
69de9000-69ded000 rw-p 00000000 00:00 0 
69ded000-69df3000 r-xp 00000000 09:01 797229     /usr/lib/i386-linux-gnu/libogg.so.0.7.1
69df3000-69df4000 r--p 00005000 09:01 797229     /usr/lib/i386-linux-gnu/libogg.so.0.7.1
69df4000-69df5000 rw-p 00006000 09:01 797229     /usr/lib/i386-linux-gnu/libogg.so.0.7.1
69df5000-69e1e000 r-xp 00000000 09:01 797239     /usr/lib/i386-linux-gnu/libvorbis.so.0.4.5
69e1e000-69e1f000 r--p 00028000 09:01 797239     /usr/lib/i386-linux-gnu/libvorbis.so.0.4.5
69e1f000-69e20000 rw-p 00029000 09:01 797239     /usr/lib/i386-linux-gnu/libvorbis.so.0.4.5
69e20000-69e28000 r-xp 00000000 09:01 796856     /usr/lib/i386-linux-gnu/libltdl.so.7.3.0
69e28000-69e29000 r--p 00008000 09:01 796856     /usr/lib/i386-linux-gnu/libltdl.so.7.3.0
69e29000-69e2a000 rw-p 00009000 09:01 796856     /usr/lib/i386-linux-gnu/libltdl.so.7.3.0
69e2a000-69e3b000 r-xp 00000000 09:01 797498     /usr/lib/i386-linux-gnu/libtdb.so.1.2.9
69e3b000-69e3c000 r--p 00010000 09:01 797498     /usr/lib/i386-linux-gnu/libtdb.so.1.2.9
69e3c000-69e3d000 rw-p 00011000 09:01 797498     /usr/lib/i386-linux-gnu/libtdb.so.1.2.9
69e3d000-69e45000 r-xp 00000000 09:01 797500     /usr/lib/i386-linux-gnu/libvorbisfile.so.3.3.4
69e45000-69e46000 r--p 00007000 09:01 797500     /usr/lib/i386-linux-gnu/libvorbisfile.so.3.3.4
69e46000-69e47000 rw-p 00008000 09:01 797500     /usr/lib/i386-linux-gnu/libvorbisfile.so.3.3.4
69e47000-69e56000 r-xp 00000000 09:01 797504     /usr/lib/i386-linux-gnu/libcanberra.so.0.2.5
69e56000-69e57000 r--p 0000e000 09:01 797504     /usr/lib/i386-linux-gnu/libcanberra.so.0.2.5
69e57000-69e58000 rw-p 0000f000 09:01 797504     /usr/lib/i386-linux-gnu/libcanberra.so.0.2.5
69e58000-69e5c000 r-xp 00000000 09:01 797508     /usr/lib/i386-linux-gnu/libcanberra-gtk.so.0.1.8
69e5c000-69e5d000 r--p 00003000 09:01 797508     /usr/lib/i386-linux-gnu/libcanberra-gtk.so.0.1.8
69e5d000-69e5e000 rw-p 00004000 09:01 797508     /usr/lib/i386-linux-gnu/libcanberra-gtk.so.0.1.8
69e5e000-69e5f000 r-xp 00000000 09:01 139762     /home/kruno2/jmonkeyplatform/jdk/jre/lib/i386/libjawt.so
69e5f000-69e60000 rw-p 00000000 09:01 139762     /home/kruno2/jmonkeyplatform/jdk/jre/lib/i386/libjawt.so
69e60000-69e6e000 r-xp 00000000 09:01 139764     /home/kruno2/jmonkeyplatform/jdk/jre/lib/i386/libnio.so
69e6e000-69e6f000 rw-p 0000e000 09:01 139764     /home/kruno2/jmonkeyplatform/jdk/jre/lib/i386/libnio.so
69e6f000-69e74000 r-xp 00000000 09:01 1975929    /usr/lib/i386-linux-gnu/gtk-2.0/modules/libcanberra-gtk-module.so
69e74000-69e75000 r--p 00004000 09:01 1975929    /usr/lib/i386-linux-gnu/gtk-2.0/modules/libcanberra-gtk-module.so
69e75000-69e76000 rw-p 00005000 09:01 1975929    /usr/lib/i386-linux-gnu/gtk-2.0/modules/libcanberra-gtk-module.so
69e76000-69eab000 r-xp 00000000 09:01 2108974    /usr/lib/i386-linux-gnu/gtk-2.0/2.10.0/engines/libmurrine.so
69eab000-69eac000 r--p 00034000 09:01 2108974    /usr/lib/i386-linux-gnu/gtk-2.0/2.10.0/engines/libmurrine.so
69eac000-69ead000 rw-p 00035000 09:01 2108974    /usr/lib/i386-linux-gnu/gtk-2.0/2.10.0/engines/libmurrine.so
69ead000-69eae000 ---p 00000000 00:00 0 
69eae000-6a6ae000 rw-p 00000000 00:00 0 
6a6ae000-6a6af000 ---p 00000000 00:00 0 
6a6af000-6aeaf000 rw-p 00000000 00:00 0 
6aeaf000-6aed4000 r--p 00000000 09:01 791816     /usr/share/glib-2.0/schemas/gschemas.compiled
6aed4000-6aee4000 r-xp 00000000 09:01 799975     /usr/lib/liboverlay-scrollbar-0.2.so.0.0.16
6aee4000-6aee5000 r--p 0000f000 09:01 799975     /usr/lib/liboverlay-scrollbar-0.2.so.0.0.16
6aee5000-6aee6000 rw-p 00010000 09:01 799975     /usr/lib/liboverlay-scrollbar-0.2.so.0.0.16
6aee6000-6af20000 r-xp 00000000 09:01 3408046    /lib/i386-linux-gnu/libpcre.so.3.12.1
6af20000-6af21000 r--p 00039000 09:01 3408046    /lib/i386-linux-gnu/libpcre.so.3.12.1
6af21000-6af22000 rw-p 0003a000 09:01 3408046    /lib/i386-linux-gnu/libpcre.so.3.12.1
6af22000-6af27000 r-xp 00000000 09:01 787197     /usr/lib/i386-linux-gnu/libffi.so.6.0.0
6af27000-6af28000 r--p 00004000 09:01 787197     /usr/lib/i386-linux-gnu/libffi.so.6.0.0
6af28000-6af29000 rw-p 00005000 09:01 787197     /usr/lib/i386-linux-gnu/libffi.so.6.0.0
6af29000-6af4f000 r-xp 00000000 09:01 3408274    /lib/i386-linux-gnu/libexpat.so.1.5.2
6af4f000-6af50000 ---p 00026000 09:01 3408274    /lib/i386-linux-gnu/libexpat.so.1.5.2
6af50000-6af52000 r--p 00026000 09:01 3408274    /lib/i386-linux-gnu/libexpat.so.1.5.2
6af52000-6af53000 rw-p 00028000 09:01 3408274    /lib/i386-linux-gnu/libexpat.so.1.5.2
6af53000-6af66000 r-xp 00000000 09:01 3408059    /lib/i386-linux-gnu/libresolv-2.15.so
6af66000-6af67000 ---p 00013000 09:01 3408059    /lib/i386-linux-gnu/libresolv-2.15.so
6af67000-6af68000 r--p 00013000 09:01 3408059    /lib/i386-linux-gnu/libresolv-2.15.so
6af68000-6af69000 rw-p 00014000 09:01 3408059    /lib/i386-linux-gnu/libresolv-2.15.so
6af69000-6af6b000 rw-p 00000000 00:00 0 
6af6b000-6af88000 r-xp 00000000 09:01 3407972    /lib/i386-linux-gnu/libselinux.so.1
6af88000-6af89000 r--p 0001c000 09:01 3407972    /lib/i386-linux-gnu/libselinux.so.1
6af89000-6af8a000 rw-p 0001d000 09:01 3407972    /lib/i386-linux-gnu/libselinux.so.1
6af8a000-6af8d000 r-xp 00000000 09:01 791113     /usr/lib/i386-linux-gnu/libgmodule-2.0.so.0.3200.4
6af8d000-6af8e000 r--p 00002000 09:01 791113     /usr/lib/i386-linux-gnu/libgmodule-2.0.so.0.3200.4
6af8e000-6af8f000 rw-p 00003000 09:01 791113     /usr/lib/i386-linux-gnu/libgmodule-2.0.so.0.3200.4
6af8f000-6afa3000 r-xp 00000000 09:01 3408102    /lib/i386-linux-gnu/libz.so.1.2.3.4
6afa3000-6afa4000 r--p 00013000 09:01 3408102    /lib/i386-linux-gnu/libz.so.1.2.3.4
6afa4000-6afa5000 rw-p 00014000 09:01 3408102    /lib/i386-linux-gnu/libz.so.1.2.3.4
6afa5000-6afad000 r-xp 00000000 09:01 796487     /usr/lib/i386-linux-gnu/libxcb-render.so.0.0.0
6afad000-6afae000 r--p 00008000 09:01 796487     /usr/lib/i386-linux-gnu/libxcb-render.so.0.0.0
6afae000-6afaf000 rw-p 00009000 09:01 796487     /usr/lib/i386-linux-gnu/libxcb-render.so.0.0.0
6afaf000-6afb1000 r-xp 00000000 09:01 796491     /usr/lib/i386-linux-gnu/libxcb-shm.so.0.0.0
6afb1000-6afb2000 r--p 00001000 09:01 796491     /usr/lib/i386-linux-gnu/libxcb-shm.so.0.0.0
6afb2000-6afb3000 rw-p 00002000 09:01 796491     /usr/lib/i386-linux-gnu/libxcb-shm.so.0.0.0
6afb3000-6afdb000 r-xp 00000000 09:01 3407961    /lib/i386-linux-gnu/libpng12.so.0.46.0
6afdb000-6afdc000 r--p 00027000 09:01 3407961    /lib/i386-linux-gnu/libpng12.so.0.46.0
6afdc000-6afdd000 rw-p 00028000 09:01 3407961    /lib/i386-linux-gnu/libpng12.so.0.46.0
6afdd000-6b072000 r-xp 00000000 09:01 792451     /usr/lib/i386-linux-gnu/libpixman-1.so.0.30.2
6b072000-6b077000 r--p 00095000 09:01 792451     /usr/lib/i386-linux-gnu/libpixman-1.so.0.30.2
6b077000-6b078000 rw-p 0009a000 09:01 792451     /usr/lib/i386-linux-gnu/libpixman-1.so.0.30.2
6b078000-6b10e000 r-xp 00000000 09:01 796940     /usr/lib/i386-linux-gnu/libfreetype.so.6.8.0
6b10e000-6b112000 r--p 00095000 09:01 796940     /usr/lib/i386-linux-gnu/libfreetype.so.6.8.0
6b112000-6b113000 rw-p 00099000 09:01 796940     /usr/lib/i386-linux-gnu/libfreetype.so.6.8.0
6b113000-6b115000 r-xp 00000000 09:01 797160     /usr/lib/i386-linux-gnu/libXdamage.so.1.1.0
6b115000-6b116000 r--p 00001000 09:01 797160     /usr/lib/i386-linux-gnu/libXdamage.so.1.1.0
6b116000-6b117000 rw-p 00002000 09:01 797160     /usr/lib/i386-linux-gnu/libXdamage.so.1.1.0
6b117000-6b119000 r-xp 00000000 09:01 797154     /usr/lib/i386-linux-gnu/libXcomposite.so.1.0.0
6b119000-6b11a000 r--p 00001000 09:01 797154     /usr/lib/i386-linux-gnu/libXcomposite.so.1.0.0
6b11a000-6b11b000 rw-p 00002000 09:01 797154     /usr/lib/i386-linux-gnu/libXcomposite.so.1.0.0
6b11b000-6b212000 r-xp 00000000 09:01 3407931    /lib/i386-linux-gnu/libglib-2.0.so.0.3200.4
6b212000-6b213000 r--p 000f6000 09:01 3407931    /lib/i386-linux-gnu/libglib-2.0.so.0.3200.4
6b213000-6b214000 rw-p 000f7000 09:01 3407931    /lib/i386-linux-gnu/libglib-2.0.so.0.3200.4
6b214000-6b261000 r-xp 00000000 09:01 791107     /usr/lib/i386-linux-gnu/libgobject-2.0.so.0.3200.4
6b261000-6b262000 r--p 0004c000 09:01 791107     /usr/lib/i386-linux-gnu/libgobject-2.0.so.0.3200.4
6b262000-6b263000 rw-p 0004d000 09:01 791107     /usr/lib/i386-linux-gnu/libgobject-2.0.so.0.3200.4
6b263000-6b295000 r-xp 00000000 09:01 796475     /usr/lib/i386-linux-gnu/libfontconfig.so.1.4.4
6b295000-6b296000 r--p 00032000 09:01 796475     /usr/lib/i386-linux-gnu/libfontconfig.so.1.4.4
6b296000-6b297000 rw-p 00033000 09:01 796475     /usr/lib/i386-linux-gnu/libfontconfig.so.1.4.4
6b297000-6b2de000 r-xp 00000000 09:01 796564     /usr/lib/i386-linux-gnu/libpango-1.0.so.0.3000.0
6b2de000-6b2df000 ---p 00047000 09:01 796564     /usr/lib/i386-linux-gnu/libpango-1.0.so.0.3000.0
6b2df000-6b2e0000 r--p 00047000 09:01 796564     /usr/lib/i386-linux-gnu/libpango-1.0.so.0.3000.0
6b2e0000-6b2e1000 rw-p 00048000 09:01 796564     /usr/lib/i386-linux-gnu/libpango-1.0.so.0.3000.0
6b2e1000-6b30b000 r-xp 00000000 09:01 796573     /usr/lib/i386-linux-gnu/libpangoft2-1.0.so.0.3000.0
6b30b000-6b30c000 r--p 00029000 09:01 796573     /usr/lib/i386-linux-gnu/libpangoft2-1.0.so.0.3000.0
6b30c000-6b30d000 rw-p 0002a000 09:01 796573     /usr/lib/i386-linux-gnu/libpangoft2-1.0.so.0.3000.0
6b30d000-6b460000 r-xp 00000000 09:01 791108     /usr/lib/i386-linux-gnu/libgio-2.0.so.0.3200.4
6b460000-6b462000 r--p 00153000 09:01 791108     /usr/lib/i386-linux-gnu/libgio-2.0.so.0.3200.4
6b462000-6b463000 rw-p 00155000 09:01 791108     /usr/lib/i386-linux-gnu/libgio-2.0.so.0.3200.4
6b463000-6b464000 rw-p 00000000 00:00 0 
6b464000-6b484000 r-xp 00000000 09:01 791445     /usr/lib/i386-linux-gnu/libgdk_pixbuf-2.0.so.0.2600.1
6b484000-6b485000 r--p 0001f000 09:01 791445     /usr/lib/i386-linux-gnu/libgdk_pixbuf-2.0.so.0.2600.1
6b485000-6b486000 rw-p 00020000 09:01 791445     /usr/lib/i386-linux-gnu/libgdk_pixbuf-2.0.so.0.2600.1
6b486000-6b54d000 r-xp 00000000 09:01 796501     /usr/lib/i386-linux-gnu/libcairo.so.2.11000.2
6b54d000-6b54e000 r--p 000c7000 09:01 796501     /usr/lib/i386-linux-gnu/libcairo.so.2.11000.2
6b54e000-6b54f000 rw-p 000c8000 09:01 796501     /usr/lib/i386-linux-gnu/libcairo.so.2.11000.2
6b54f000-6b551000 rw-p 00000000 00:00 0 
6b551000-6b56e000 r-xp 00000000 09:01 796445     /usr/lib/i386-linux-gnu/libatk-1.0.so.0.20409.1
6b56e000-6b570000 r--p 0001c000 09:01 796445     /usr/lib/i386-linux-gnu/libatk-1.0.so.0.20409.1
6b570000-6b571000 rw-p 0001e000 09:01 796445     /usr/lib/i386-linux-gnu/libatk-1.0.so.0.20409.1
6b571000-6b57c000 r-xp 00000000 09:01 796571     /usr/lib/i386-linux-gnu/libpangocairo-1.0.so.0.3000.0
6b57c000-6b57d000 r--p 0000a000 09:01 796571     /usr/lib/i386-linux-gnu/libpangocairo-1.0.so.0.3000.0
6b57d000-6b57e000 rw-p 0000b000 09:01 796571     /usr/lib/i386-linux-gnu/libpangocairo-1.0.so.0.3000.0
6b57e000-6b629000 r-xp 00000000 09:01 791572     /usr/lib/i386-linux-gnu/libgdk-x11-2.0.so.0.2400.10
6b629000-6b62b000 r--p 000ab000 09:01 791572     /usr/lib/i386-linux-gnu/libgdk-x11-2.0.so.0.2400.10
6b62b000-6b62c000 rw-p 000ad000 09:01 791572     /usr/lib/i386-linux-gnu/libgdk-x11-2.0.so.0.2400.10
6b62c000-6ba8d000 r-xp 00000000 09:01 791571     /usr/lib/i386-linux-gnu/libgtk-x11-2.0.so.0.2400.10
6ba8d000-6ba91000 r--p 00461000 09:01 791571     /usr/lib/i386-linux-gnu/libgtk-x11-2.0.so.0.2400.10
6ba91000-6ba93000 rw-p 00465000 09:01 791571     /usr/lib/i386-linux-gnu/libgtk-x11-2.0.so.0.2400.10
6ba93000-6ba95000 rw-p 00000000 00:00 0 
6ba95000-6ba9c000 r-xp 00000000 09:01 791563     /usr/lib/i386-linux-gnu/libXrandr.so.2.2.0
6ba9c000-6ba9d000 r--p 00006000 09:01 791563     /usr/lib/i386-linux-gnu/libXrandr.so.2.2.0
6ba9d000-6ba9e000 rw-p 00007000 09:01 791563     /usr/lib/i386-linux-gnu/libXrandr.so.2.2.0
6ba9e000-6ba9f000 rw-s 10b4c9000 00:05 1016      /dev/dri/card0
6ba9f000-6baa0000 r--s 00000000 09:01 3151461    /var/cache/fontconfig/4794a0821666d79190d59a36cb4f44b5-le32d4.cache-3
6baa0000-6baa1000 r--s 00000000 09:01 3154355    /var/cache/fontconfig/56cf4f4769d0f4abc89a4895d7bd3ae1-le32d4.cache-3
6baa1000-6baa2000 r--s 00000000 09:01 3154351    /var/cache/fontconfig/b9d506c9ac06c20b433354fa67a72993-le32d4.cache-3
6baa2000-6baa6000 r--p 00000000 09:01 131563     /home/kruno2/.config/dconf/user
6baa6000-6baad000 r-xp 00000000 09:01 924542     /usr/lib/i386-linux-gnu/gio/modules/libdconfsettings.so
6baad000-6baae000 r--p 00006000 09:01 924542     /usr/lib/i386-linux-gnu/gio/modules/libdconfsettings.so
6baae000-6baaf000 rw-p 00007000 09:01 924542     /usr/lib/i386-linux-gnu/gio/modules/libdconfsettings.so
6baaf000-6bab2000 ---p 00000000 00:00 0 
6bab2000-6bb00000 rw-p 00000000 00:00 0 
6bb00000-6bbfd000 rw-p 00000000 00:00 0 
6bbfd000-6bc00000 ---p 00000000 00:00 0 
6bc00000-6bc03000 r--s 00000000 09:01 3145873    /var/cache/fontconfig/7ef2298fde41cc6eeb7af42e48b7d293-le32d4.cache-3
6bc03000-6bc06000 ---p 00000000 00:00 0 
6bc06000-6bc54000 rw-p 00000000 00:00 0 
6bc54000-6bc57000 ---p 00000000 00:00 0 
6bc57000-6bca5000 rw-p 00000000 00:00 0 
6bca5000-6bca8000 ---p 00000000 00:00 0 
6bca8000-6bcf6000 rw-p 00000000 00:00 0 
6bcf6000-6bcfa000 r-xp 00000000 09:01 791448     /usr/lib/i386-linux-gnu/libXfixes.so.3.1.0
6bcfa000-6bcfb000 r--p 00004000 09:01 791448     /usr/lib/i386-linux-gnu/libXfixes.so.3.1.0
6bcfb000-6bcfc000 rw-p 00005000 09:01 791448     /usr/lib/i386-linux-gnu/libXfixes.so.3.1.0
6bcfc000-6bd05000 r-xp 00000000 09:01 797158     /usr/lib/i386-linux-gnu/libXcursor.so.1.0.2
6bd05000-6bd06000 r--p 00008000 09:01 797158     /usr/lib/i386-linux-gnu/libXcursor.so.1.0.2
6bd06000-6bd07000 rw-p 00009000 09:01 797158     /usr/lib/i386-linux-gnu/libXcursor.so.1.0.2
6bd07000-6bd0a000 ---p 00000000 00:00 0 
6bd0a000-6bd58000 rw-p 00000000 00:00 0 
6bd58000-6bd5d000 r-xp 00000000 09:01 792491     /usr/lib/i386-linux-gnu/libXdmcp.so.6.0.0
6bd5d000-6bd5e000 r--p 00004000 09:01 792491     /usr/lib/i386-linux-gnu/libXdmcp.so.6.0.0
6bd5e000-6bd5f000 rw-p 00005000 09:01 792491     /usr/lib/i386-linux-gnu/libXdmcp.so.6.0.0
6bd5f000-6bd7e000 r-xp 00000000 09:01 792493     /usr/lib/i386-linux-gnu/libxcb.so.1.1.0
6bd7e000-6bd7f000 r--p 0001f000 09:01 792493     /usr/lib/i386-linux-gnu/libxcb.so.1.1.0
6bd7f000-6bd80000 rw-p 00020000 09:01 792493     /usr/lib/i386-linux-gnu/libxcb.so.1.1.0
6bd80000-6bd8f000 r-xp 00000000 09:01 791559     /usr/lib/i386-linux-gnu/libXi.so.6.1.0
6bd8f000-6bd90000 r--p 0000e000 09:01 791559     /usr/lib/i386-linux-gnu/libXi.so.6.1.0
6bd90000-6bd91000 rw-p 0000f000 09:01 791559     /usr/lib/i386-linux-gnu/libXi.so.6.1.0
6bd91000-6bd96000 r-xp 00000000 09:01 797347     /usr/lib/i386-linux-gnu/libXtst.so.6.1.0
6bd96000-6bd97000 r--p 00004000 09:01 797347     /usr/lib/i386-linux-gnu/libXtst.so.6.1.0
6bd97000-6bd98000 rw-p 00005000 09:01 797347     /usr/lib/i386-linux-gnu/libXtst.so.6.1.0
6bd98000-6bec8000 r-xp 00000000 09:01 792088     /usr/lib/i386-linux-gnu/libX11.so.6.3.0
6bec8000-6bec9000 r--p 0012f000 09:01 792088     /usr/lib/i386-linux-gnu/libX11.so.6.3.0
6bec9000-6becb000 rw-p 00130000 09:01 792088     /usr/lib/i386-linux-gnu/libX11.so.6.3.0
6becb000-6becc000 rw-p 00000000 00:00 0 
6becc000-6bedc000 r-xp 00000000 09:01 792136     /usr/lib/i386-linux-gnu/libXext.so.6.4.0
6bedc000-6bedd000 r--p 0000f000 09:01 792136     /usr/lib/i386-linux-gnu/libXext.so.6.4.0
6bedd000-6bede000 rw-p 00010000 09:01 792136     /usr/lib/i386-linux-gnu/libXext.so.6.4.0
6bede000-6bf27000 r-xp 00000000 09:01 139735     /home/kruno2/jmonkeyplatform/jdk/jre/lib/i386/xawt/libmawt.so
6bf27000-6bf29000 rw-p 00049000 09:01 139735     /home/kruno2/jmonkeyplatform/jdk/jre/lib/i386/xawt/libmawt.so
6bf29000-6bf2a000 rw-p 00000000 00:00 0 
6bf2a000-6bfb0000 r-xp 00000000 09:01 139721     /home/kruno2/jmonkeyplatform/jdk/jre/lib/i386/libawt.so
6bfb0000-6bfb7000 rw-p 00086000 09:01 139721     /home/kruno2/jmonkeyplatform/jdk/jre/lib/i386/libawt.so
6bfb7000-6bfdb000 rw-p 00000000 00:00 0 
6bfdb000-6bfdc000 ---p 00000000 00:00 0 
6bfdc000-6c05c000 rw-p 00000000 00:00 0 
6c05c000-6c05f000 ---p 00000000 00:00 0 
6c05f000-6c0ad000 rw-p 00000000 00:00 0 
6c0ad000-6c0b0000 ---p 00000000 00:00 0 
6c0b0000-6c12e000 rw-p 00000000 00:00 0 
6c12e000-6c131000 ---p 00000000 00:00 0 
6c131000-6c1af000 rw-p 00000000 00:00 0 
6c1af000-6c1b2000 ---p 00000000 00:00 0 
6c1b2000-6c200000 rw-p 00000000 00:00 0 
6c200000-6c400000 r--p 00000000 09:01 792116     /usr/lib/locale/locale-archive
6c400000-6c500000 rw-p 00000000 00:00 0 
6c500000-6c502000 r-xp 00000000 09:01 792489     /usr/lib/i386-linux-gnu/libXau.so.6.0.0
6c502000-6c503000 r--p 00001000 09:01 792489     /usr/lib/i386-linux-gnu/libXau.so.6.0.0
6c503000-6c504000 rw-p 00002000 09:01 792489     /usr/lib/i386-linux-gnu/libXau.so.6.0.0
6c504000-6c50c000 r-xp 00000000 09:01 791561     /usr/lib/i386-linux-gnu/libXrender.so.1.3.0
6c50c000-6c50d000 r--p 00007000 09:01 791561     /usr/lib/i386-linux-gnu/libXrender.so.1.3.0
6c50d000-6c50e000 rw-p 00008000 09:01 791561     /usr/lib/i386-linux-gnu/libXrender.so.1.3.0
6c50e000-6c510000 r--s 00000000 09:01 3145899    /var/cache/fontconfig/e13b20fdb08344e0e664864cc2ede53d-le32d4.cache-3
6c510000-6c511000 r--s 00000000 09:01 131372     /home/kruno2/.cache/dconf/user
6c511000-6c513000 r-xp 00000000 09:01 797164     /usr/lib/i386-linux-gnu/libXinerama.so.1.0.0
6c513000-6c514000 r--p 00001000 09:01 797164     /usr/lib/i386-linux-gnu/libXinerama.so.1.0.0
6c514000-6c515000 rw-p 00002000 09:01 797164     /usr/lib/i386-linux-gnu/libXinerama.so.1.0.0
6c515000-6c51f000 r--s 00250000 09:01 139850     /home/kruno2/jmonkeyplatform/jdk/jre/lib/resources.jar
6c51f000-6c523000 r--s 000f7000 09:01 139834     /home/kruno2/jmonkeyplatform/jdk/jre/lib/ext/localedata.jar
6c523000-6c52b000 r--s 00039000 09:01 138218     /home/kruno2/jmonkeyplatform/jmonkeyplatform/libs/nifty-default-controls.jar
6c52b000-6c537000 r--s 00076000 09:01 139020     /home/kruno2/jmonkeyplatform/jmonkeyplatform/libs/nifty.jar
6c537000-6c538000 ---p 00000000 00:00 0 
6c538000-6c603000 rw-p 00000000 00:00 0 
6c603000-6c7c0000 r--s 039bf000 09:01 139931     /home/kruno2/jmonkeyplatform/jdk/jre/lib/rt.jar
6c7c0000-6ee00000 rw-p 00000000 00:00 0 
6ee00000-6eef7000 rw-p 00000000 00:00 0 
6eef7000-6ef00000 ---p 00000000 00:00 0 
6ef00000-6ef01000 r-xp 00000000 09:01 791109     /usr/lib/i386-linux-gnu/libgthread-2.0.so.0.3200.4
6ef01000-6ef02000 r--p 00000000 09:01 791109     /usr/lib/i386-linux-gnu/libgthread-2.0.so.0.3200.4
6ef02000-6ef03000 rw-p 00001000 09:01 791109     /usr/lib/i386-linux-gnu/libgthread-2.0.so.0.3200.4
6ef03000-6ef06000 ---p 00000000 00:00 0 
6ef06000-6ef54000 rw-p 00000000 00:00 0 
6ef54000-6ef57000 ---p 00000000 00:00 0 
6ef57000-6f000000 rw-p 00000000 00:00 0 
6f000000-6f021000 rw-p 00000000 00:00 0 
6f021000-6f100000 ---p 00000000 00:00 0 
6f100000-6f103000 r--s 0001a000 09:01 138819     /home/kruno2/jmonkeyplatform/jmonkeyplatform/libs/xmlpull-xpp3.jar
6f103000-6f105000 r--s 00012000 09:01 138948     /home/kruno2/jmonkeyplatform/jmonkeyplatform/libs/eventbus.jar
6f105000-6f107000 r--s 00010000 09:01 138580     /home/kruno2/jmonkeyplatform/jmonkeyplatform/libs/nifty-style-black.jar
6f107000-6f108000 r--s 00008000 09:01 138776     /home/kruno2/jmonkeyplatform/jmonkeyplatform/libs/jME3-niftygui.jar
6f108000-6f109000 r--s 0000b000 09:01 138860     /home/kruno2/jmonkeyplatform/jmonkeyplatform/libs/stack-alloc.jar
6f109000-6f10b000 r--s 0003c000 09:01 138977     /home/kruno2/jmonkeyplatform/jmonkeyplatform/libs/vecmath.jar
6f10b000-6f115000 r--s 00079000 09:01 138974     /home/kruno2/jmonkeyplatform/jmonkeyplatform/libs/jbullet.jar
6f115000-6f119000 r--s 00025000 09:01 138813     /home/kruno2/jmonkeyplatform/jmonkeyplatform/libs/jME3-jbullet.jar
6f119000-6f127000 r--s 000e2000 09:01 139017     /home/kruno2/jmonkeyplatform/jmonkeyplatform/libs/lwjgl.jar
6f127000-6f12b000 r--s 00030000 09:01 138999     /home/kruno2/jmonkeyplatform/jmonkeyplatform/libs/jinput.jar
6f12b000-6f12d000 r--s 00243000 09:01 138522     /home/kruno2/jmonkeyplatform/jmonkeyplatform/libs/jME3-lwjgl-natives.jar
6f12d000-6f147000 rw-p 00000000 00:00 0 
6f147000-6f148000 ---p 00000000 00:00 0 
6f148000-6f1c8000 rw-p 00000000 00:00 0 
6f1c8000-6f1c9000 ---p 00000000 00:00 0 
6f1c9000-6f25f000 rw-p 00000000 00:00 0 
6f25f000-6f39f000 rw-p 00000000 00:00 0 
6f39f000-6f3a7000 rw-p 00000000 00:00 0 
6f3a7000-6f3bf000 rw-p 00000000 00:00 0 
6f3bf000-6f3d5000 rw-p 00000000 00:00 0 
6f3d5000-6f514000 rw-p 00000000 00:00 0 
6f514000-6f51f000 rw-p 00000000 00:00 0 
6f51f000-6f5bf000 rw-p 00000000 00:00 0 
6f5bf000-705c0000 rw-p 00000000 00:00 0 
705c0000-735c0000 rw-p 00000000 00:00 0 
735c0000-76040000 rw-p 00000000 00:00 0 
76040000-9e040000 rw-p 00000000 00:00 0 
9e040000-9f5c0000 rw-p 00000000 00:00 0 
9f5c0000-b35c0000 rw-p 00000000 00:00 0 
b35c0000-b35c4000 r--s 00023000 09:01 138820     /home/kruno2/jmonkeyplatform/jmonkeyplatform/libs/jME3-terrain.jar
b35c4000-b35d5000 r--s 0011b000 09:01 138922     /home/kruno2/jmonkeyplatform/jmonkeyplatform/libs/jME3-core.jar
b35d5000-b35dd000 rw-p 00000000 00:00 0 
b35dd000-b35f5000 rw-p 00000000 00:00 0 
b35f5000-b35fe000 rw-p 00000000 00:00 0 
b35fe000-b36b5000 rw-p 00000000 00:00 0 
b36b5000-b38f5000 rwxp 00000000 00:00 0 
b38f5000-b66b5000 rw-p 00000000 00:00 0 
b66b5000-b66cc000 r-xp 00000000 09:01 139765     /home/kruno2/jmonkeyplatform/jdk/jre/lib/i386/libzip.so
b66cc000-b66cd000 rw-p 00017000 09:01 139765     /home/kruno2/jmonkeyplatform/jdk/jre/lib/i386/libzip.so
b66cd000-b66d8000 r-xp 00000000 09:01 3407984    /lib/i386-linux-gnu/libnss_files-2.15.so
b66d8000-b66d9000 r--p 0000a000 09:01 3407984    /lib/i386-linux-gnu/libnss_files-2.15.so
b66d9000-b66da000 rw-p 0000b000 09:01 3407984    /lib/i386-linux-gnu/libnss_files-2.15.so
b66da000-b66e4000 r-xp 00000000 09:01 3407875    /lib/i386-linux-gnu/libnss_nis-2.15.so
b66e4000-b66e5000 r--p 00009000 09:01 3407875    /lib/i386-linux-gnu/libnss_nis-2.15.so
b66e5000-b66e6000 rw-p 0000a000 09:01 3407875    /lib/i386-linux-gnu/libnss_nis-2.15.so
b66e6000-b66fc000 r-xp 00000000 09:01 3408070    /lib/i386-linux-gnu/libnsl-2.15.so
b66fc000-b66fd000 r--p 00015000 09:01 3408070    /lib/i386-linux-gnu/libnsl-2.15.so
b66fd000-b66fe000 rw-p 00016000 09:01 3408070    /lib/i386-linux-gnu/libnsl-2.15.so
b66fe000-b6700000 rw-p 00000000 00:00 0 
b6700000-b67f3000 rw-p 00000000 00:00 0 
b67f3000-b6800000 ---p 00000000 00:00 0 
b6800000-b6802000 r--s 00017000 09:01 138898     /home/kruno2/jmonkeyplatform/jmonkeyplatform/libs/jME3-lwjgl.jar
b6802000-b6804000 r--s 00005000 09:01 138894     /home/kruno2/jmonkeyplatform/jmonkeyplatform/libs/j-ogg-oggd.jar
b6804000-b680b000 r-xp 00000000 09:01 3408076    /lib/i386-linux-gnu/libnss_compat-2.15.so
b680b000-b680c000 r--p 00006000 09:01 3408076    /lib/i386-linux-gnu/libnss_compat-2.15.so
b680c000-b680d000 rw-p 00007000 09:01 3408076    /lib/i386-linux-gnu/libnss_compat-2.15.so
b680d000-b680e000 r--s 00009000 09:01 138777     /home/kruno2/jmonkeyplatform/jmonkeyplatform/libs/j-ogg-vorbisd.jar
b680e000-b680f000 r--s 00002000 09:01 138925     /home/kruno2/jmonkeyplatform/jmonkeyplatform/libs/jME3-jogg.jar
b680f000-b6812000 r--s 0001c000 09:01 138683     /home/kruno2/jmonkeyplatform/jmonkeyplatform/libs/jME3-networking.jar
b6812000-b6815000 r--s 0007f000 09:01 138816     /home/kruno2/jmonkeyplatform/jmonkeyplatform/libs/jME3-effects.jar
b6815000-b6816000 r--s 00010000 09:01 138818     /home/kruno2/jmonkeyplatform/jmonkeyplatform/libs/jME3-plugins.jar
b6816000-b681e000 rw-s 00000000 09:01 4718624    /tmp/hsperfdata_kruno2/3473
b681e000-b6841000 r-xp 00000000 09:01 139717     /home/kruno2/jmonkeyplatform/jdk/jre/lib/i386/libjava.so
b6841000-b6842000 rw-p 00022000 09:01 139717     /home/kruno2/jmonkeyplatform/jdk/jre/lib/i386/libjava.so
b6842000-b6849000 r-xp 00000000 09:01 3408054    /lib/i386-linux-gnu/librt-2.15.so
b6849000-b684a000 r--p 00006000 09:01 3408054    /lib/i386-linux-gnu/librt-2.15.so
b684a000-b684b000 rw-p 00007000 09:01 3408054    /lib/i386-linux-gnu/librt-2.15.so
b684b000-b684e000 ---p 00000000 00:00 0 
b684e000-b689c000 rw-p 00000000 00:00 0 
b689c000-b68c6000 r-xp 00000000 09:01 3408072    /lib/i386-linux-gnu/libm-2.15.so
b68c6000-b68c7000 r--p 00029000 09:01 3408072    /lib/i386-linux-gnu/libm-2.15.so
b68c7000-b68c8000 rw-p 0002a000 09:01 3408072    /lib/i386-linux-gnu/libm-2.15.so
b68c8000-b713f000 r-xp 00000000 09:01 139738     /home/kruno2/jmonkeyplatform/jdk/jre/lib/i386/server/libjvm.so
b713f000-b71a3000 rw-p 00877000 09:01 139738     /home/kruno2/jmonkeyplatform/jdk/jre/lib/i386/server/libjvm.so
b71a3000-b75c7000 rw-p 00000000 00:00 0 
b75c7000-b776a000 r-xp 00000000 09:01 3411540    /lib/i386-linux-gnu/libc-2.15.so
b776a000-b776c000 r--p 001a3000 09:01 3411540    /lib/i386-linux-gnu/libc-2.15.so
b776c000-b776d000 rw-p 001a5000 09:01 3411540    /lib/i386-linux-gnu/libc-2.15.so
b776d000-b7770000 rw-p 00000000 00:00 0 
b7770000-b7773000 r-xp 00000000 09:01 3408075    /lib/i386-linux-gnu/libdl-2.15.so
b7773000-b7774000 r--p 00002000 09:01 3408075    /lib/i386-linux-gnu/libdl-2.15.so
b7774000-b7775000 rw-p 00003000 09:01 3408075    /lib/i386-linux-gnu/libdl-2.15.so
b7775000-b7788000 r-xp 00000000 09:01 140166     /home/kruno2/jmonkeyplatform/jdk/lib/i386/jli/libjli.so
b7788000-b7789000 rw-p 00012000 09:01 140166     /home/kruno2/jmonkeyplatform/jdk/lib/i386/jli/libjli.so
b7789000-b778a000 rw-p 00000000 00:00 0 
b778a000-b77a1000 r-xp 00000000 09:01 3407921    /lib/i386-linux-gnu/libpthread-2.15.so
b77a1000-b77a2000 r--p 00016000 09:01 3407921    /lib/i386-linux-gnu/libpthread-2.15.so
b77a2000-b77a3000 rw-p 00017000 09:01 3407921    /lib/i386-linux-gnu/libpthread-2.15.so
b77a3000-b77a5000 rw-p 00000000 00:00 0 
b77a5000-b77a8000 r--s 00035000 09:01 138814     /home/kruno2/jmonkeyplatform/jmonkeyplatform/libs/jME3-desktop.jar
b77a8000-b77a9000 rw-p 00000000 00:00 0 
b77a9000-b77aa000 r--p 00000000 00:00 0 
b77aa000-b77b5000 r-xp 00000000 09:01 139736     /home/kruno2/jmonkeyplatform/jdk/jre/lib/i386/libverify.so
b77b5000-b77b6000 rw-p 0000b000 09:01 139736     /home/kruno2/jmonkeyplatform/jdk/jre/lib/i386/libverify.so
b77b6000-b77b8000 rw-p 00000000 00:00 0 
b77b8000-b77b9000 r-xp 00000000 00:00 0          [vdso]
b77b9000-b77d9000 r-xp 00000000 09:01 3408058    /lib/i386-linux-gnu/ld-2.15.so
b77d9000-b77da000 r--p 0001f000 09:01 3408058    /lib/i386-linux-gnu/ld-2.15.so
b77da000-b77db000 rw-p 00020000 09:01 3408058    /lib/i386-linux-gnu/ld-2.15.so
bfe5a000-bfe7b000 rw-p 00000000 00:00 0          [stack]

VM Arguments:
jvm_args: -Dfile.encoding=UTF-8 
java_command: mygame.Main
Launcher Type: SUN_STANDARD

Environment Variables:
JAVA_HOME=/usr/lib/jvm/java-7-sun
PATH=/usr/lib/lightdm/lightdm:/usr/local/sbin:/usr/local/bin:/usr/sbin:/usr/bin:/sbin:/bin:/usr/games
LD_LIBRARY_PATH=/home/kruno2/jmonkeyplatform/bin/../jdk/jre/lib/amd64:/home/kruno2/jmonkeyplatform/bin/../jdk/jre/lib/i386:
SHELL=/bin/bash
DISPLAY=:0.0

Signal Handlers:
SIGSEGV: [libjvm.so+0x7dd5e0], sa_mask[0]=0x7ffbfeff, sa_flags=0x10000004
SIGBUS: [libjvm.so+0x7dd5e0], sa_mask[0]=0x7ffbfeff, sa_flags=0x10000004
SIGFPE: [libjvm.so+0x678d60], sa_mask[0]=0x7ffbfeff, sa_flags=0x10000004
SIGPIPE: SIG_IGN, sa_mask[0]=0x00001000, sa_flags=0x10000000
SIGXFSZ: [libjvm.so+0x678d60], sa_mask[0]=0x7ffbfeff, sa_flags=0x10000004
SIGILL: [libjvm.so+0x678d60], sa_mask[0]=0x7ffbfeff, sa_flags=0x10000004
SIGUSR1: SIG_DFL, sa_mask[0]=0x00000000, sa_flags=0x00000000
SIGUSR2: [libjvm.so+0x67a250], sa_mask[0]=0x00000004, sa_flags=0x10000004
SIGHUP: [libjvm.so+0x67b3a0], sa_mask[0]=0x7ffbfeff, sa_flags=0x10000004
SIGINT: SIG_IGN, sa_mask[0]=0x00000000, sa_flags=0x00000000
SIGTERM: [libjvm.so+0x67b3a0], sa_mask[0]=0x7ffbfeff, sa_flags=0x10000004
SIGQUIT: [libjvm.so+0x67b3a0], sa_mask[0]=0x7ffbfeff, sa_flags=0x10000004


---------------  S Y S T E M  ---------------

OS:wheezy/sid

uname:Linux 3.2.0-97-generic-pae #137-Ubuntu SMP Thu Dec 17 21:37:53 UTC 2015 i686
libc:glibc 2.15 NPTL 2.15 
rlimit: STACK 8192k, CORE 0k, NPROC 64443, NOFILE 4096, AS infinity
load average:0.41 0.23 0.20

/proc/meminfo:
MemTotal:        8269512 kB
MemFree:         6531840 kB
Buffers:          146072 kB
Cached:           703104 kB
SwapCached:            0 kB
Active:          1045568 kB
Inactive:         579824 kB
Active(anon):     777692 kB
Inactive(anon):    11804 kB
Active(file):     267876 kB
Inactive(file):   568020 kB
Unevictable:           0 kB
Mlocked:               0 kB
HighTotal:       7474888 kB
HighFree:        5976472 kB
LowTotal:         794624 kB
LowFree:          555368 kB
SwapTotal:       8820660 kB
SwapFree:        8820660 kB
Dirty:               132 kB
Writeback:             0 kB
AnonPages:        776428 kB
Mapped:           150212 kB
Shmem:             13288 kB
Slab:              70084 kB
SReclaimable:      55588 kB
SUnreclaim:        14496 kB
KernelStack:        3480 kB
PageTables:         7696 kB
NFS_Unstable:          0 kB
Bounce:                0 kB
WritebackTmp:          0 kB
CommitLimit:    12955416 kB
Committed_AS:    2901560 kB
VmallocTotal:     122880 kB
VmallocUsed:       14888 kB
VmallocChunk:     103548 kB
HardwareCorrupted:     0 kB
AnonHugePages:         0 kB
HugePages_Total:       0
HugePages_Free:        0
HugePages_Rsvd:        0
HugePages_Surp:        0
Hugepagesize:       2048 kB
DirectMap4k:        8184 kB
DirectMap2M:      905216 kB


CPU:total 2 (2 cores per cpu, 1 threads per core) family 6 model 23 stepping 6, cmov, cx8, fxsr, mmx, sse, sse2, sse3, ssse3, sse4.1, tsc

/proc/cpuinfo:
processor	: 0
vendor_id	: GenuineIntel
cpu family	: 6
model		: 23
model name	: Intel(R) Core(TM)2 Duo CPU     E8200  @ 2.66GHz
stepping	: 6
microcode	: 0x60c
cpu MHz		: 2003.000
cache size	: 6144 KB
physical id	: 0
siblings	: 2
core id		: 0
cpu cores	: 2
apicid		: 0
initial apicid	: 0
fdiv_bug	: no
hlt_bug		: no
f00f_bug	: no
coma_bug	: no
fpu		: yes
fpu_exception	: yes
cpuid level	: 10
wp		: yes
flags		: fpu vme de pse tsc msr pae mce cx8 apic sep mtrr pge mca cmov pat pse36 clflush dts acpi mmx fxsr sse sse2 ss ht tm pbe nx lm constant_tsc arch_perfmon pebs bts aperfmperf pni dtes64 monitor ds_cpl vmx smx est tm2 ssse3 cx16 xtpr pdcm sse4_1 lahf_lm dtherm tpr_shadow vnmi flexpriority
bogomips	: 5342.98
clflush size	: 64
cache_alignment	: 64
address sizes	: 36 bits physical, 48 bits virtual
power management:

processor	: 1
vendor_id	: GenuineIntel
cpu family	: 6
model		: 23
model name	: Intel(R) Core(TM)2 Duo CPU     E8200  @ 2.66GHz
stepping	: 6
microcode	: 0x60c
cpu MHz		: 2670.000
cache size	: 6144 KB
physical id	: 0
siblings	: 2
core id		: 1
cpu cores	: 2
apicid		: 1
initial apicid	: 1
fdiv_bug	: no
hlt_bug		: no
f00f_bug	: no
coma_bug	: no
fpu		: yes
fpu_exception	: yes
cpuid level	: 10
wp		: yes
flags		: fpu vme de pse tsc msr pae mce cx8 apic sep mtrr pge mca cmov pat pse36 clflush dts acpi mmx fxsr sse sse2 ss ht tm pbe nx lm constant_tsc arch_perfmon pebs bts aperfmperf pni dtes64 monitor ds_cpl vmx smx est tm2 ssse3 cx16 xtpr pdcm sse4_1 lahf_lm dtherm tpr_shadow vnmi flexpriority
bogomips	: 5338.04
clflush size	: 64
cache_alignment	: 64
address sizes	: 36 bits physical, 48 bits virtual
power management:



Memory: 4k page, physical 8269512k(6531840k free), swap 8820660k(8820660k free)

vm_info: Java HotSpot(TM) Server VM (24.51-b03) for linux-x86 JRE (1.7.0_51-b13), built on Dec 18 2013 18:45:30 by "java_re" with gcc 4.3.0 20080428 (Red Hat 4.3.0-8)

time: Thu Dec 31 00:48:10 2015
elapsed time: 2 seconds

